ISim log file
Running: E:\iselocal\practica5\tb_sort_isim_beh.exe -intstyle ise -gui -tclbatch isim.cmd -wdb E:/iselocal/practica5/tb_sort_isim_beh.wdb 
ISim P.15xf (signature 0xc3576ebc)
----------------------------------------------------------------------
INFO:Security:50 - The XILINXD_LICENSE_FILE environment variable is set to 'C:\software\electronica\xilinx\14.1\ISE_DS\common\licenses\xilinx.lic'.
INFO:Security:52 - The LM_LICENSE_FILE environment variable is set to '1717@fdilicencias1;2100@fdilicencias1'.
WARNING:Security:43 - No license file was found in the standard Xilinx license directory.
WARNING:Security:44 - Since no license file was found,
       please run the Xilinx License Configuration Manager
       (xlcm or "Manage Xilinx Licenses")
       to assist in obtaining a license.
WARNING:Security:42 - Your software subscription period has lapsed. Your current version of Xilinx tools will continue to function, but you no longer qualify for Xilinx software updates or new releases.


----------------------------------------------------------------------
This is a Full version of ISim.
Time resolution is 1 ps
# onerror resume
# wave add /
# run 1000 ns
Simulator is doing circuit initialization process.
at 0 ps, Instance /tb_sort/i_dut/i_cd/ : Warning: NUMERIC_STD."<": metavalue detected, returning FALSE
at 0 ps, Instance /tb_sort/i_dut/i_cd/ : Warning: NUMERIC_STD."<=": metavalue detected, returning FALSE
Finished circuit initialization process.
at 415 ns: Note: Block Memory Generator CORE Generator module is using a behavioral model FOR simulation which will not precisely model memory collision behavior. (/tb_sort/i_dut/i_cd/i_bj_mem/U0/native_mem_module/mem_module/).
# run all
at 42596 ns, Instance /tb_sort/ : Warning: Lectura incorrecta
at 42606 ns, Instance /tb_sort/ : Warning: Lectura incorrecta
at 42616 ns, Instance /tb_sort/ : Warning: Lectura incorrecta
at 42626 ns, Instance /tb_sort/ : Warning: Lectura incorrecta
at 42636 ns, Instance /tb_sort/ : Warning: Lectura incorrecta
at 42646 ns, Instance /tb_sort/ : Warning: Lectura incorrecta
at 42656 ns, Instance /tb_sort/ : Warning: Lectura incorrecta
at 42676 ns, Instance /tb_sort/ : Warning: Lectura incorrecta
at 42686 ns, Instance /tb_sort/ : Warning: Lectura incorrecta
at 42696 ns, Instance /tb_sort/ : Warning: Lectura incorrecta
at 42706 ns, Instance /tb_sort/ : Warning: Lectura incorrecta
at 42716 ns, Instance /tb_sort/ : Warning: Lectura incorrecta
at 42726 ns, Instance /tb_sort/ : Warning: Lectura incorrecta
at 42736 ns, Instance /tb_sort/ : Warning: Lectura incorrecta
at 42755 ns, Instance /tb_sort/i_dut/i_cd/i_bj_mem/U0/native_mem_module/mem_module/ : Warning: blk_mem_gen_v7_1 WARNING: collision detected: A write address: 00000, B read address: 00000

at 85586 ns, Instance /tb_sort/ : Warning: Lectura incorrecta
at 85596 ns, Instance /tb_sort/ : Warning: Lectura incorrecta
at 85606 ns, Instance /tb_sort/ : Warning: Lectura incorrecta
at 85616 ns, Instance /tb_sort/ : Warning: Lectura incorrecta
at 85626 ns, Instance /tb_sort/ : Warning: Lectura incorrecta
at 85636 ns, Instance /tb_sort/ : Warning: Lectura incorrecta
at 85646 ns, Instance /tb_sort/ : Warning: Lectura incorrecta
at 85656 ns, Instance /tb_sort/ : Warning: Lectura incorrecta
at 85666 ns, Instance /tb_sort/ : Warning: Lectura incorrecta
at 85676 ns, Instance /tb_sort/ : Warning: Lectura incorrecta
at 85686 ns, Instance /tb_sort/ : Warning: Lectura incorrecta
at 85696 ns, Instance /tb_sort/ : Warning: Lectura incorrecta
at 85706 ns, Instance /tb_sort/ : Warning: Lectura incorrecta
at 85716 ns, Instance /tb_sort/ : Warning: Lectura incorrecta
Stopped at time : 19004595 ns : File "E:/iselocal/practica5/uc.vhd" Line 143
