Running: C:\Xilinx\14.7\ISE_DS\ISE\bin\nt64\unwrapped\fuse.exe -intstyle ise -incremental -o C:/Users/BorjaAday/Desktop/Programas de Desarrollo/ISE/Practica1/multifuncion/tb_multifuncion_isim_beh.exe -prj C:/Users/BorjaAday/Desktop/Programas de Desarrollo/ISE/Practica1/multifuncion/tb_multifuncion_beh.prj work.tb_multifuncion 
ISim P.20131013 (signature 0x7708f090)
Number of CPUs detected in this system: 3
Turning on mult-threading, number of parallel sub-compilation jobs: 6 
Determining compilation order of HDL files
Parsing VHDL file "C:/Users/BorjaAday/Desktop/Programas de Desarrollo/ISE/Practica1/multifuncion/multifucion.vhd" into library work
Parsing VHDL file "C:/Users/BorjaAday/Desktop/Programas de Desarrollo/ISE/Practica1/multifuncion/tb_multifuncion.vhd" into library work
Starting static elaboration
Completed static elaboration
Compiling package standard
Compiling package std_logic_1164
Compiling package numeric_std
Compiling package textio
Compiling package std_logic_textio
Compiling architecture behavioral of entity multifuncion [\multifuncion(32)\]
Compiling architecture beh of entity tb_multifuncion
Time Resolution for simulation is 1ps.
Waiting for 1 sub-compilation(s) to finish...
Compiled 8 VHDL Units
Built simulation executable C:/Users/BorjaAday/Desktop/Programas de Desarrollo/ISE/Practica1/multifuncion/tb_multifuncion_isim_beh.exe
Fuse Memory Usage: 35644 KB
Fuse CPU Usage: 531 ms
