--------------------------------------------------------------------------------
Release 14.7 Trace  (nt64)
Copyright (c) 1995-2013 Xilinx, Inc.  All rights reserved.

C:\Xilinx\14.7\ISE_DS\ISE\bin\nt64\unwrapped\trce.exe -intstyle ise -v 3 -s 5
-n 3 -fastpaths -xml multifuncion.twx multifuncion.ncd -o multifuncion.twr
multifuncion.pcf

Design file:              multifuncion.ncd
Physical constraint file: multifuncion.pcf
Device,package,speed:     xc3s1000,ft256,-5 (PRODUCTION 1.39 2013-10-13)
Report level:             verbose report

Environment Variable      Effect 
--------------------      ------ 
NONE                      No environment variables were set
--------------------------------------------------------------------------------

INFO:Timing:2698 - No timing constraints found, doing default enumeration.
INFO:Timing:3412 - To improve timing, see the Timing Closure User Guide (UG612).
INFO:Timing:2752 - To get complete path coverage, use the unconstrained paths 
   option. All paths that are not constrained will be reported in the 
   unconstrained paths section(s) of the report.
INFO:Timing:3339 - The clock-to-out numbers in this timing report are based on 
   a 50 Ohm transmission line loading model.  For the details of this model, 
   and for more information on accounting for different loading conditions, 
   please see the device datasheet.
INFO:Timing:3390 - This architecture does not support a default System Jitter 
   value, please add SYSTEM_JITTER constraint to the UCF to modify the Clock 
   Uncertainty calculation.
INFO:Timing:3389 - This architecture does not support 'Discrete Jitter' and 
   'Phase Error' calculations, these terms will be zero in the Clock 
   Uncertainty calculation.  Please make appropriate modification to 
   SYSTEM_JITTER to account for the unsupported Discrete Jitter and Phase 
   Error.



Data Sheet report:
-----------------
All values displayed in nanoseconds (ns)

Pad to Pad
---------------+---------------+---------+
Source Pad     |Destination Pad|  Delay  |
---------------+---------------+---------+
op1<0>         |res<0>         |   20.954|
op1<0>         |res<1>         |   21.376|
op1<0>         |res<2>         |   20.594|
op1<0>         |res<3>         |   20.875|
op1<0>         |res<4>         |   20.478|
op1<0>         |res<5>         |   21.032|
op1<0>         |res<6>         |   20.223|
op1<0>         |res<7>         |   20.321|
op1<0>         |res<8>         |   21.211|
op1<0>         |res<9>         |   20.608|
op1<0>         |res<10>        |   21.885|
op1<0>         |res<11>        |   21.490|
op1<0>         |res<12>        |   21.744|
op1<0>         |res<13>        |   21.678|
op1<0>         |res<14>        |   20.798|
op1<0>         |res<15>        |   21.219|
op1<0>         |res<16>        |   20.720|
op1<0>         |res<17>        |   20.194|
op1<0>         |res<18>        |   20.674|
op1<0>         |res<19>        |   20.433|
op1<0>         |res<20>        |   20.413|
op1<0>         |res<21>        |   20.151|
op1<0>         |res<22>        |   19.913|
op1<0>         |res<23>        |   19.474|
op1<0>         |res<24>        |   19.535|
op1<0>         |res<25>        |   20.606|
op1<0>         |res<26>        |   20.994|
op1<0>         |res<27>        |   20.063|
op1<0>         |res<28>        |   20.438|
op1<0>         |res<29>        |   20.442|
op1<0>         |res<30>        |   20.903|
op1<0>         |res<31>        |   20.726|
op1<1>         |res<0>         |   21.009|
op1<1>         |res<1>         |   21.431|
op1<1>         |res<2>         |   20.662|
op1<1>         |res<3>         |   20.943|
op1<1>         |res<4>         |   20.546|
op1<1>         |res<5>         |   21.100|
op1<1>         |res<6>         |   20.278|
op1<1>         |res<7>         |   20.389|
op1<1>         |res<8>         |   21.279|
op1<1>         |res<9>         |   20.663|
op1<1>         |res<10>        |   21.953|
op1<1>         |res<11>        |   21.545|
op1<1>         |res<12>        |   21.799|
op1<1>         |res<13>        |   21.733|
op1<1>         |res<14>        |   20.866|
op1<1>         |res<15>        |   21.274|
op1<1>         |res<16>        |   20.775|
op1<1>         |res<17>        |   20.252|
op1<1>         |res<18>        |   20.742|
op1<1>         |res<19>        |   20.488|
op1<1>         |res<20>        |   20.481|
op1<1>         |res<21>        |   20.206|
op1<1>         |res<22>        |   19.981|
op1<1>         |res<23>        |   19.542|
op1<1>         |res<24>        |   19.590|
op1<1>         |res<25>        |   20.661|
op1<1>         |res<26>        |   21.049|
op1<1>         |res<27>        |   20.118|
op1<1>         |res<28>        |   20.493|
op1<1>         |res<29>        |   20.497|
op1<1>         |res<30>        |   20.971|
op1<1>         |res<31>        |   20.781|
op1<2>         |res<0>         |   18.238|
op1<2>         |res<1>         |   18.660|
op1<2>         |res<2>         |   17.878|
op1<2>         |res<3>         |   18.159|
op1<2>         |res<4>         |   17.762|
op1<2>         |res<5>         |   18.316|
op1<2>         |res<6>         |   17.507|
op1<2>         |res<7>         |   17.605|
op1<2>         |res<8>         |   18.495|
op1<2>         |res<9>         |   17.892|
op1<2>         |res<10>        |   19.169|
op1<2>         |res<11>        |   18.774|
op1<2>         |res<12>        |   19.028|
op1<2>         |res<13>        |   18.962|
op1<2>         |res<14>        |   18.082|
op1<2>         |res<15>        |   18.503|
op1<2>         |res<16>        |   18.004|
op1<2>         |res<17>        |   17.478|
op1<2>         |res<18>        |   17.958|
op1<2>         |res<19>        |   17.717|
op1<2>         |res<20>        |   17.697|
op1<2>         |res<21>        |   17.435|
op1<2>         |res<22>        |   17.197|
op1<2>         |res<23>        |   16.758|
op1<2>         |res<24>        |   16.819|
op1<2>         |res<25>        |   17.890|
op1<2>         |res<26>        |   18.278|
op1<2>         |res<27>        |   17.347|
op1<2>         |res<28>        |   17.722|
op1<2>         |res<29>        |   17.726|
op1<2>         |res<30>        |   18.187|
op1<2>         |res<31>        |   18.010|
op1<3>         |res<0>         |   18.335|
op1<3>         |res<1>         |   18.757|
op1<3>         |res<2>         |   17.975|
op1<3>         |res<3>         |   18.256|
op1<3>         |res<4>         |   17.859|
op1<3>         |res<5>         |   18.413|
op1<3>         |res<6>         |   17.604|
op1<3>         |res<7>         |   17.702|
op1<3>         |res<8>         |   18.592|
op1<3>         |res<9>         |   17.989|
op1<3>         |res<10>        |   19.266|
op1<3>         |res<11>        |   18.871|
op1<3>         |res<12>        |   19.125|
op1<3>         |res<13>        |   19.059|
op1<3>         |res<14>        |   18.179|
op1<3>         |res<15>        |   18.600|
op1<3>         |res<16>        |   18.101|
op1<3>         |res<17>        |   17.575|
op1<3>         |res<18>        |   18.055|
op1<3>         |res<19>        |   17.814|
op1<3>         |res<20>        |   17.794|
op1<3>         |res<21>        |   17.532|
op1<3>         |res<22>        |   17.294|
op1<3>         |res<23>        |   16.855|
op1<3>         |res<24>        |   16.916|
op1<3>         |res<25>        |   17.987|
op1<3>         |res<26>        |   18.375|
op1<3>         |res<27>        |   17.444|
op1<3>         |res<28>        |   17.819|
op1<3>         |res<29>        |   17.823|
op1<3>         |res<30>        |   18.284|
op1<3>         |res<31>        |   18.107|
op1<4>         |res<0>         |   19.857|
op1<4>         |res<1>         |   20.279|
op1<4>         |res<2>         |   19.510|
op1<4>         |res<3>         |   19.791|
op1<4>         |res<4>         |   19.394|
op1<4>         |res<5>         |   19.948|
op1<4>         |res<6>         |   19.126|
op1<4>         |res<7>         |   19.237|
op1<4>         |res<8>         |   20.127|
op1<4>         |res<9>         |   19.511|
op1<4>         |res<10>        |   20.801|
op1<4>         |res<11>        |   20.393|
op1<4>         |res<12>        |   20.647|
op1<4>         |res<13>        |   20.581|
op1<4>         |res<14>        |   19.714|
op1<4>         |res<15>        |   20.122|
op1<4>         |res<16>        |   19.623|
op1<4>         |res<17>        |   19.100|
op1<4>         |res<18>        |   19.590|
op1<4>         |res<19>        |   19.336|
op1<4>         |res<20>        |   19.329|
op1<4>         |res<21>        |   19.054|
op1<4>         |res<22>        |   18.829|
op1<4>         |res<23>        |   18.390|
op1<4>         |res<24>        |   18.438|
op1<4>         |res<25>        |   19.509|
op1<4>         |res<26>        |   19.897|
op1<4>         |res<27>        |   18.966|
op1<4>         |res<28>        |   19.341|
op1<4>         |res<29>        |   19.345|
op1<4>         |res<30>        |   19.819|
op1<4>         |res<31>        |   19.629|
op1<5>         |res<0>         |   20.012|
op1<5>         |res<1>         |   20.434|
op1<5>         |res<2>         |   19.665|
op1<5>         |res<3>         |   19.946|
op1<5>         |res<4>         |   19.549|
op1<5>         |res<5>         |   20.103|
op1<5>         |res<6>         |   19.281|
op1<5>         |res<7>         |   19.392|
op1<5>         |res<8>         |   20.282|
op1<5>         |res<9>         |   19.666|
op1<5>         |res<10>        |   20.956|
op1<5>         |res<11>        |   20.548|
op1<5>         |res<12>        |   20.802|
op1<5>         |res<13>        |   20.736|
op1<5>         |res<14>        |   19.869|
op1<5>         |res<15>        |   20.277|
op1<5>         |res<16>        |   19.778|
op1<5>         |res<17>        |   19.255|
op1<5>         |res<18>        |   19.745|
op1<5>         |res<19>        |   19.491|
op1<5>         |res<20>        |   19.484|
op1<5>         |res<21>        |   19.209|
op1<5>         |res<22>        |   18.984|
op1<5>         |res<23>        |   18.545|
op1<5>         |res<24>        |   18.593|
op1<5>         |res<25>        |   19.664|
op1<5>         |res<26>        |   20.052|
op1<5>         |res<27>        |   19.121|
op1<5>         |res<28>        |   19.496|
op1<5>         |res<29>        |   19.500|
op1<5>         |res<30>        |   19.974|
op1<5>         |res<31>        |   19.784|
op1<6>         |res<0>         |   20.186|
op1<6>         |res<1>         |   20.608|
op1<6>         |res<2>         |   19.839|
op1<6>         |res<3>         |   20.120|
op1<6>         |res<4>         |   19.723|
op1<6>         |res<5>         |   20.277|
op1<6>         |res<6>         |   19.455|
op1<6>         |res<7>         |   19.566|
op1<6>         |res<8>         |   20.456|
op1<6>         |res<9>         |   19.840|
op1<6>         |res<10>        |   21.130|
op1<6>         |res<11>        |   20.722|
op1<6>         |res<12>        |   20.976|
op1<6>         |res<13>        |   20.910|
op1<6>         |res<14>        |   20.043|
op1<6>         |res<15>        |   20.451|
op1<6>         |res<16>        |   19.952|
op1<6>         |res<17>        |   19.429|
op1<6>         |res<18>        |   19.919|
op1<6>         |res<19>        |   19.665|
op1<6>         |res<20>        |   19.658|
op1<6>         |res<21>        |   19.383|
op1<6>         |res<22>        |   19.158|
op1<6>         |res<23>        |   18.719|
op1<6>         |res<24>        |   18.767|
op1<6>         |res<25>        |   19.838|
op1<6>         |res<26>        |   20.226|
op1<6>         |res<27>        |   19.295|
op1<6>         |res<28>        |   19.670|
op1<6>         |res<29>        |   19.674|
op1<6>         |res<30>        |   20.148|
op1<6>         |res<31>        |   19.958|
op1<7>         |res<0>         |   18.689|
op1<7>         |res<1>         |   19.111|
op1<7>         |res<2>         |   18.342|
op1<7>         |res<3>         |   18.623|
op1<7>         |res<4>         |   18.226|
op1<7>         |res<5>         |   18.780|
op1<7>         |res<6>         |   17.958|
op1<7>         |res<7>         |   18.069|
op1<7>         |res<8>         |   18.959|
op1<7>         |res<9>         |   18.343|
op1<7>         |res<10>        |   19.633|
op1<7>         |res<11>        |   19.225|
op1<7>         |res<12>        |   19.479|
op1<7>         |res<13>        |   19.413|
op1<7>         |res<14>        |   18.546|
op1<7>         |res<15>        |   18.954|
op1<7>         |res<16>        |   18.455|
op1<7>         |res<17>        |   17.932|
op1<7>         |res<18>        |   18.422|
op1<7>         |res<19>        |   18.168|
op1<7>         |res<20>        |   18.161|
op1<7>         |res<21>        |   17.886|
op1<7>         |res<22>        |   17.661|
op1<7>         |res<23>        |   17.222|
op1<7>         |res<24>        |   17.270|
op1<7>         |res<25>        |   18.341|
op1<7>         |res<26>        |   18.729|
op1<7>         |res<27>        |   17.798|
op1<7>         |res<28>        |   18.173|
op1<7>         |res<29>        |   18.177|
op1<7>         |res<30>        |   18.651|
op1<7>         |res<31>        |   18.461|
op1<8>         |res<0>         |   16.690|
op1<8>         |res<1>         |   17.112|
op1<8>         |res<2>         |   16.330|
op1<8>         |res<3>         |   16.611|
op1<8>         |res<4>         |   16.214|
op1<8>         |res<5>         |   16.768|
op1<8>         |res<6>         |   15.959|
op1<8>         |res<7>         |   16.057|
op1<8>         |res<8>         |   16.947|
op1<8>         |res<9>         |   16.344|
op1<8>         |res<10>        |   17.621|
op1<8>         |res<11>        |   17.226|
op1<8>         |res<12>        |   17.480|
op1<8>         |res<13>        |   17.414|
op1<8>         |res<14>        |   16.534|
op1<8>         |res<15>        |   16.955|
op1<8>         |res<16>        |   16.456|
op1<8>         |res<17>        |   15.930|
op1<8>         |res<18>        |   16.410|
op1<8>         |res<19>        |   16.169|
op1<8>         |res<20>        |   16.149|
op1<8>         |res<21>        |   15.887|
op1<8>         |res<22>        |   15.649|
op1<8>         |res<23>        |   15.210|
op1<8>         |res<24>        |   15.271|
op1<8>         |res<25>        |   16.342|
op1<8>         |res<26>        |   16.730|
op1<8>         |res<27>        |   15.799|
op1<8>         |res<28>        |   16.174|
op1<8>         |res<29>        |   16.178|
op1<8>         |res<30>        |   16.639|
op1<8>         |res<31>        |   16.462|
op1<9>         |res<0>         |   16.370|
op1<9>         |res<1>         |   16.792|
op1<9>         |res<2>         |   16.010|
op1<9>         |res<3>         |   16.291|
op1<9>         |res<4>         |   15.894|
op1<9>         |res<5>         |   16.448|
op1<9>         |res<6>         |   15.639|
op1<9>         |res<7>         |   15.737|
op1<9>         |res<8>         |   16.627|
op1<9>         |res<9>         |   16.024|
op1<9>         |res<10>        |   17.301|
op1<9>         |res<11>        |   16.906|
op1<9>         |res<12>        |   17.160|
op1<9>         |res<13>        |   17.094|
op1<9>         |res<14>        |   16.214|
op1<9>         |res<15>        |   16.635|
op1<9>         |res<16>        |   16.136|
op1<9>         |res<17>        |   15.610|
op1<9>         |res<18>        |   16.090|
op1<9>         |res<19>        |   15.849|
op1<9>         |res<20>        |   15.829|
op1<9>         |res<21>        |   15.567|
op1<9>         |res<22>        |   15.329|
op1<9>         |res<23>        |   14.890|
op1<9>         |res<24>        |   14.951|
op1<9>         |res<25>        |   16.022|
op1<9>         |res<26>        |   16.410|
op1<9>         |res<27>        |   15.479|
op1<9>         |res<28>        |   15.854|
op1<9>         |res<29>        |   15.858|
op1<9>         |res<30>        |   16.319|
op1<9>         |res<31>        |   16.142|
op1<10>        |res<0>         |   17.750|
op1<10>        |res<1>         |   18.172|
op1<10>        |res<2>         |   17.403|
op1<10>        |res<3>         |   17.684|
op1<10>        |res<4>         |   17.287|
op1<10>        |res<5>         |   17.841|
op1<10>        |res<6>         |   17.019|
op1<10>        |res<7>         |   17.130|
op1<10>        |res<8>         |   18.020|
op1<10>        |res<9>         |   17.404|
op1<10>        |res<10>        |   18.694|
op1<10>        |res<11>        |   18.286|
op1<10>        |res<12>        |   18.540|
op1<10>        |res<13>        |   18.474|
op1<10>        |res<14>        |   17.607|
op1<10>        |res<15>        |   18.015|
op1<10>        |res<16>        |   17.639|
op1<10>        |res<17>        |   16.993|
op1<10>        |res<18>        |   17.483|
op1<10>        |res<19>        |   17.229|
op1<10>        |res<20>        |   17.222|
op1<10>        |res<21>        |   17.095|
op1<10>        |res<22>        |   16.937|
op1<10>        |res<23>        |   16.530|
op1<10>        |res<24>        |   17.389|
op1<10>        |res<25>        |   17.505|
op1<10>        |res<26>        |   18.148|
op1<10>        |res<27>        |   17.136|
op1<10>        |res<28>        |   17.371|
op1<10>        |res<29>        |   17.400|
op1<10>        |res<30>        |   18.110|
op1<10>        |res<31>        |   18.561|
op1<11>        |res<0>         |   16.921|
op1<11>        |res<1>         |   17.343|
op1<11>        |res<2>         |   16.574|
op1<11>        |res<3>         |   16.855|
op1<11>        |res<4>         |   16.458|
op1<11>        |res<5>         |   17.012|
op1<11>        |res<6>         |   16.190|
op1<11>        |res<7>         |   16.301|
op1<11>        |res<8>         |   17.191|
op1<11>        |res<9>         |   16.575|
op1<11>        |res<10>        |   17.865|
op1<11>        |res<11>        |   17.457|
op1<11>        |res<12>        |   17.711|
op1<11>        |res<13>        |   17.645|
op1<11>        |res<14>        |   16.778|
op1<11>        |res<15>        |   17.186|
op1<11>        |res<16>        |   16.687|
op1<11>        |res<17>        |   16.164|
op1<11>        |res<18>        |   16.654|
op1<11>        |res<19>        |   16.400|
op1<11>        |res<20>        |   16.393|
op1<11>        |res<21>        |   16.118|
op1<11>        |res<22>        |   15.893|
op1<11>        |res<23>        |   15.454|
op1<11>        |res<24>        |   15.557|
op1<11>        |res<25>        |   16.573|
op1<11>        |res<26>        |   16.961|
op1<11>        |res<27>        |   16.030|
op1<11>        |res<28>        |   16.405|
op1<11>        |res<29>        |   16.409|
op1<11>        |res<30>        |   16.883|
op1<11>        |res<31>        |   16.729|
op1<12>        |res<0>         |   16.747|
op1<12>        |res<1>         |   17.169|
op1<12>        |res<2>         |   16.387|
op1<12>        |res<3>         |   16.668|
op1<12>        |res<4>         |   16.271|
op1<12>        |res<5>         |   16.825|
op1<12>        |res<6>         |   16.016|
op1<12>        |res<7>         |   16.114|
op1<12>        |res<8>         |   17.004|
op1<12>        |res<9>         |   16.401|
op1<12>        |res<10>        |   17.678|
op1<12>        |res<11>        |   17.283|
op1<12>        |res<12>        |   17.537|
op1<12>        |res<13>        |   17.471|
op1<12>        |res<14>        |   16.591|
op1<12>        |res<15>        |   17.012|
op1<12>        |res<16>        |   16.513|
op1<12>        |res<17>        |   15.987|
op1<12>        |res<18>        |   16.467|
op1<12>        |res<19>        |   16.226|
op1<12>        |res<20>        |   16.206|
op1<12>        |res<21>        |   15.944|
op1<12>        |res<22>        |   15.706|
op1<12>        |res<23>        |   15.267|
op1<12>        |res<24>        |   15.328|
op1<12>        |res<25>        |   16.399|
op1<12>        |res<26>        |   16.787|
op1<12>        |res<27>        |   15.856|
op1<12>        |res<28>        |   16.231|
op1<12>        |res<29>        |   16.235|
op1<12>        |res<30>        |   16.696|
op1<12>        |res<31>        |   16.519|
op1<13>        |res<0>         |   17.120|
op1<13>        |res<1>         |   17.542|
op1<13>        |res<2>         |   16.760|
op1<13>        |res<3>         |   17.041|
op1<13>        |res<4>         |   16.644|
op1<13>        |res<5>         |   17.198|
op1<13>        |res<6>         |   16.389|
op1<13>        |res<7>         |   16.487|
op1<13>        |res<8>         |   17.377|
op1<13>        |res<9>         |   16.774|
op1<13>        |res<10>        |   18.051|
op1<13>        |res<11>        |   17.656|
op1<13>        |res<12>        |   17.910|
op1<13>        |res<13>        |   17.844|
op1<13>        |res<14>        |   16.964|
op1<13>        |res<15>        |   17.385|
op1<13>        |res<16>        |   16.886|
op1<13>        |res<17>        |   16.360|
op1<13>        |res<18>        |   16.840|
op1<13>        |res<19>        |   16.599|
op1<13>        |res<20>        |   16.579|
op1<13>        |res<21>        |   16.317|
op1<13>        |res<22>        |   16.079|
op1<13>        |res<23>        |   15.640|
op1<13>        |res<24>        |   15.727|
op1<13>        |res<25>        |   16.772|
op1<13>        |res<26>        |   17.160|
op1<13>        |res<27>        |   16.229|
op1<13>        |res<28>        |   16.604|
op1<13>        |res<29>        |   16.608|
op1<13>        |res<30>        |   17.069|
op1<13>        |res<31>        |   16.899|
op1<14>        |res<0>         |   16.956|
op1<14>        |res<1>         |   17.378|
op1<14>        |res<2>         |   16.609|
op1<14>        |res<3>         |   16.890|
op1<14>        |res<4>         |   16.493|
op1<14>        |res<5>         |   17.047|
op1<14>        |res<6>         |   16.225|
op1<14>        |res<7>         |   16.336|
op1<14>        |res<8>         |   17.226|
op1<14>        |res<9>         |   16.610|
op1<14>        |res<10>        |   17.900|
op1<14>        |res<11>        |   17.492|
op1<14>        |res<12>        |   17.746|
op1<14>        |res<13>        |   17.680|
op1<14>        |res<14>        |   16.813|
op1<14>        |res<15>        |   17.221|
op1<14>        |res<16>        |   16.722|
op1<14>        |res<17>        |   16.199|
op1<14>        |res<18>        |   16.689|
op1<14>        |res<19>        |   16.435|
op1<14>        |res<20>        |   16.428|
op1<14>        |res<21>        |   16.153|
op1<14>        |res<22>        |   15.928|
op1<14>        |res<23>        |   15.489|
op1<14>        |res<24>        |   15.676|
op1<14>        |res<25>        |   16.608|
op1<14>        |res<26>        |   16.996|
op1<14>        |res<27>        |   16.065|
op1<14>        |res<28>        |   16.440|
op1<14>        |res<29>        |   16.444|
op1<14>        |res<30>        |   16.918|
op1<14>        |res<31>        |   16.848|
op1<15>        |res<0>         |   16.701|
op1<15>        |res<1>         |   17.123|
op1<15>        |res<2>         |   16.354|
op1<15>        |res<3>         |   16.635|
op1<15>        |res<4>         |   16.238|
op1<15>        |res<5>         |   16.792|
op1<15>        |res<6>         |   15.970|
op1<15>        |res<7>         |   16.081|
op1<15>        |res<8>         |   16.971|
op1<15>        |res<9>         |   16.355|
op1<15>        |res<10>        |   17.645|
op1<15>        |res<11>        |   17.237|
op1<15>        |res<12>        |   17.491|
op1<15>        |res<13>        |   17.425|
op1<15>        |res<14>        |   16.558|
op1<15>        |res<15>        |   16.966|
op1<15>        |res<16>        |   16.467|
op1<15>        |res<17>        |   15.944|
op1<15>        |res<18>        |   16.434|
op1<15>        |res<19>        |   16.180|
op1<15>        |res<20>        |   16.173|
op1<15>        |res<21>        |   15.898|
op1<15>        |res<22>        |   15.673|
op1<15>        |res<23>        |   15.234|
op1<15>        |res<24>        |   15.322|
op1<15>        |res<25>        |   16.353|
op1<15>        |res<26>        |   16.741|
op1<15>        |res<27>        |   15.810|
op1<15>        |res<28>        |   16.185|
op1<15>        |res<29>        |   16.189|
op1<15>        |res<30>        |   16.663|
op1<15>        |res<31>        |   16.494|
op1<16>        |res<0>         |   16.145|
op1<16>        |res<1>         |   16.567|
op1<16>        |res<2>         |   15.785|
op1<16>        |res<3>         |   16.066|
op1<16>        |res<4>         |   15.669|
op1<16>        |res<5>         |   16.223|
op1<16>        |res<6>         |   15.414|
op1<16>        |res<7>         |   15.512|
op1<16>        |res<8>         |   16.402|
op1<16>        |res<9>         |   15.799|
op1<16>        |res<10>        |   17.076|
op1<16>        |res<11>        |   16.681|
op1<16>        |res<12>        |   16.935|
op1<16>        |res<13>        |   16.869|
op1<16>        |res<14>        |   15.989|
op1<16>        |res<15>        |   16.410|
op1<16>        |res<16>        |   15.911|
op1<16>        |res<17>        |   15.385|
op1<16>        |res<18>        |   15.865|
op1<16>        |res<19>        |   15.624|
op1<16>        |res<20>        |   15.604|
op1<16>        |res<21>        |   15.342|
op1<16>        |res<22>        |   15.104|
op1<16>        |res<23>        |   14.665|
op1<16>        |res<24>        |   15.051|
op1<16>        |res<25>        |   15.797|
op1<16>        |res<26>        |   16.185|
op1<16>        |res<27>        |   15.254|
op1<16>        |res<28>        |   15.629|
op1<16>        |res<29>        |   15.633|
op1<16>        |res<30>        |   16.094|
op1<16>        |res<31>        |   16.223|
op1<17>        |res<0>         |   16.394|
op1<17>        |res<1>         |   16.816|
op1<17>        |res<2>         |   16.047|
op1<17>        |res<3>         |   16.328|
op1<17>        |res<4>         |   15.931|
op1<17>        |res<5>         |   16.485|
op1<17>        |res<6>         |   15.663|
op1<17>        |res<7>         |   15.774|
op1<17>        |res<8>         |   16.664|
op1<17>        |res<9>         |   16.048|
op1<17>        |res<10>        |   17.338|
op1<17>        |res<11>        |   16.930|
op1<17>        |res<12>        |   17.184|
op1<17>        |res<13>        |   17.118|
op1<17>        |res<14>        |   16.251|
op1<17>        |res<15>        |   16.659|
op1<17>        |res<16>        |   16.160|
op1<17>        |res<17>        |   15.637|
op1<17>        |res<18>        |   16.127|
op1<17>        |res<19>        |   15.873|
op1<17>        |res<20>        |   15.866|
op1<17>        |res<21>        |   15.591|
op1<17>        |res<22>        |   15.366|
op1<17>        |res<23>        |   14.927|
op1<17>        |res<24>        |   15.264|
op1<17>        |res<25>        |   16.046|
op1<17>        |res<26>        |   16.434|
op1<17>        |res<27>        |   15.503|
op1<17>        |res<28>        |   15.878|
op1<17>        |res<29>        |   15.882|
op1<17>        |res<30>        |   16.356|
op1<17>        |res<31>        |   16.436|
op1<18>        |res<0>         |   16.171|
op1<18>        |res<1>         |   16.593|
op1<18>        |res<2>         |   15.824|
op1<18>        |res<3>         |   16.105|
op1<18>        |res<4>         |   15.708|
op1<18>        |res<5>         |   16.262|
op1<18>        |res<6>         |   15.440|
op1<18>        |res<7>         |   15.551|
op1<18>        |res<8>         |   16.441|
op1<18>        |res<9>         |   15.825|
op1<18>        |res<10>        |   17.115|
op1<18>        |res<11>        |   16.707|
op1<18>        |res<12>        |   16.961|
op1<18>        |res<13>        |   16.895|
op1<18>        |res<14>        |   16.028|
op1<18>        |res<15>        |   16.436|
op1<18>        |res<16>        |   15.937|
op1<18>        |res<17>        |   15.414|
op1<18>        |res<18>        |   15.904|
op1<18>        |res<19>        |   15.650|
op1<18>        |res<20>        |   15.643|
op1<18>        |res<21>        |   15.368|
op1<18>        |res<22>        |   15.169|
op1<18>        |res<23>        |   14.762|
op1<18>        |res<24>        |   15.621|
op1<18>        |res<25>        |   15.823|
op1<18>        |res<26>        |   16.380|
op1<18>        |res<27>        |   15.368|
op1<18>        |res<28>        |   15.655|
op1<18>        |res<29>        |   15.659|
op1<18>        |res<30>        |   16.342|
op1<18>        |res<31>        |   16.793|
op1<19>        |res<0>         |   16.631|
op1<19>        |res<1>         |   17.053|
op1<19>        |res<2>         |   16.284|
op1<19>        |res<3>         |   16.565|
op1<19>        |res<4>         |   16.168|
op1<19>        |res<5>         |   16.722|
op1<19>        |res<6>         |   15.900|
op1<19>        |res<7>         |   16.011|
op1<19>        |res<8>         |   16.901|
op1<19>        |res<9>         |   16.285|
op1<19>        |res<10>        |   17.575|
op1<19>        |res<11>        |   17.167|
op1<19>        |res<12>        |   17.421|
op1<19>        |res<13>        |   17.355|
op1<19>        |res<14>        |   16.488|
op1<19>        |res<15>        |   16.896|
op1<19>        |res<16>        |   16.397|
op1<19>        |res<17>        |   15.874|
op1<19>        |res<18>        |   16.364|
op1<19>        |res<19>        |   16.110|
op1<19>        |res<20>        |   16.103|
op1<19>        |res<21>        |   15.828|
op1<19>        |res<22>        |   15.603|
op1<19>        |res<23>        |   15.164|
op1<19>        |res<24>        |   15.783|
op1<19>        |res<25>        |   16.283|
op1<19>        |res<26>        |   16.671|
op1<19>        |res<27>        |   15.740|
op1<19>        |res<28>        |   16.115|
op1<19>        |res<29>        |   16.119|
op1<19>        |res<30>        |   16.593|
op1<19>        |res<31>        |   16.955|
op1<20>        |res<0>         |   16.197|
op1<20>        |res<1>         |   16.619|
op1<20>        |res<2>         |   15.850|
op1<20>        |res<3>         |   16.131|
op1<20>        |res<4>         |   15.734|
op1<20>        |res<5>         |   16.288|
op1<20>        |res<6>         |   15.466|
op1<20>        |res<7>         |   15.577|
op1<20>        |res<8>         |   16.467|
op1<20>        |res<9>         |   15.851|
op1<20>        |res<10>        |   17.141|
op1<20>        |res<11>        |   16.733|
op1<20>        |res<12>        |   16.987|
op1<20>        |res<13>        |   16.921|
op1<20>        |res<14>        |   16.054|
op1<20>        |res<15>        |   16.462|
op1<20>        |res<16>        |   15.963|
op1<20>        |res<17>        |   15.440|
op1<20>        |res<18>        |   15.930|
op1<20>        |res<19>        |   15.676|
op1<20>        |res<20>        |   15.669|
op1<20>        |res<21>        |   15.394|
op1<20>        |res<22>        |   15.169|
op1<20>        |res<23>        |   14.730|
op1<20>        |res<24>        |   14.778|
op1<20>        |res<25>        |   15.849|
op1<20>        |res<26>        |   16.237|
op1<20>        |res<27>        |   15.306|
op1<20>        |res<28>        |   15.681|
op1<20>        |res<29>        |   15.685|
op1<20>        |res<30>        |   16.159|
op1<20>        |res<31>        |   15.969|
op1<21>        |res<0>         |   16.924|
op1<21>        |res<1>         |   17.346|
op1<21>        |res<2>         |   16.577|
op1<21>        |res<3>         |   16.858|
op1<21>        |res<4>         |   16.461|
op1<21>        |res<5>         |   17.015|
op1<21>        |res<6>         |   16.193|
op1<21>        |res<7>         |   16.304|
op1<21>        |res<8>         |   17.194|
op1<21>        |res<9>         |   16.578|
op1<21>        |res<10>        |   17.868|
op1<21>        |res<11>        |   17.460|
op1<21>        |res<12>        |   17.714|
op1<21>        |res<13>        |   17.648|
op1<21>        |res<14>        |   16.781|
op1<21>        |res<15>        |   17.189|
op1<21>        |res<16>        |   16.690|
op1<21>        |res<17>        |   16.167|
op1<21>        |res<18>        |   16.657|
op1<21>        |res<19>        |   16.403|
op1<21>        |res<20>        |   16.396|
op1<21>        |res<21>        |   16.121|
op1<21>        |res<22>        |   15.896|
op1<21>        |res<23>        |   15.457|
op1<21>        |res<24>        |   15.505|
op1<21>        |res<25>        |   16.576|
op1<21>        |res<26>        |   16.964|
op1<21>        |res<27>        |   16.033|
op1<21>        |res<28>        |   16.408|
op1<21>        |res<29>        |   16.412|
op1<21>        |res<30>        |   16.886|
op1<21>        |res<31>        |   16.696|
op1<22>        |res<0>         |   17.050|
op1<22>        |res<1>         |   17.472|
op1<22>        |res<2>         |   16.703|
op1<22>        |res<3>         |   16.984|
op1<22>        |res<4>         |   16.587|
op1<22>        |res<5>         |   17.141|
op1<22>        |res<6>         |   16.319|
op1<22>        |res<7>         |   16.430|
op1<22>        |res<8>         |   17.320|
op1<22>        |res<9>         |   16.704|
op1<22>        |res<10>        |   17.994|
op1<22>        |res<11>        |   17.586|
op1<22>        |res<12>        |   17.840|
op1<22>        |res<13>        |   17.774|
op1<22>        |res<14>        |   16.907|
op1<22>        |res<15>        |   17.315|
op1<22>        |res<16>        |   16.816|
op1<22>        |res<17>        |   16.293|
op1<22>        |res<18>        |   16.783|
op1<22>        |res<19>        |   16.529|
op1<22>        |res<20>        |   16.522|
op1<22>        |res<21>        |   16.247|
op1<22>        |res<22>        |   16.022|
op1<22>        |res<23>        |   15.583|
op1<22>        |res<24>        |   16.310|
op1<22>        |res<25>        |   16.702|
op1<22>        |res<26>        |   17.090|
op1<22>        |res<27>        |   16.159|
op1<22>        |res<28>        |   16.534|
op1<22>        |res<29>        |   16.538|
op1<22>        |res<30>        |   17.031|
op1<22>        |res<31>        |   17.482|
op1<23>        |res<0>         |   17.205|
op1<23>        |res<1>         |   17.627|
op1<23>        |res<2>         |   16.858|
op1<23>        |res<3>         |   17.139|
op1<23>        |res<4>         |   16.742|
op1<23>        |res<5>         |   17.296|
op1<23>        |res<6>         |   16.474|
op1<23>        |res<7>         |   16.585|
op1<23>        |res<8>         |   17.475|
op1<23>        |res<9>         |   16.859|
op1<23>        |res<10>        |   18.149|
op1<23>        |res<11>        |   17.741|
op1<23>        |res<12>        |   17.995|
op1<23>        |res<13>        |   17.929|
op1<23>        |res<14>        |   17.062|
op1<23>        |res<15>        |   17.470|
op1<23>        |res<16>        |   16.971|
op1<23>        |res<17>        |   16.448|
op1<23>        |res<18>        |   16.938|
op1<23>        |res<19>        |   16.684|
op1<23>        |res<20>        |   16.677|
op1<23>        |res<21>        |   16.402|
op1<23>        |res<22>        |   16.177|
op1<23>        |res<23>        |   15.738|
op1<23>        |res<24>        |   15.786|
op1<23>        |res<25>        |   16.857|
op1<23>        |res<26>        |   17.245|
op1<23>        |res<27>        |   16.314|
op1<23>        |res<28>        |   16.689|
op1<23>        |res<29>        |   16.693|
op1<23>        |res<30>        |   17.167|
op1<23>        |res<31>        |   16.977|
op1<24>        |res<0>         |   17.166|
op1<24>        |res<1>         |   17.588|
op1<24>        |res<2>         |   16.819|
op1<24>        |res<3>         |   17.100|
op1<24>        |res<4>         |   16.703|
op1<24>        |res<5>         |   17.257|
op1<24>        |res<6>         |   16.435|
op1<24>        |res<7>         |   16.546|
op1<24>        |res<8>         |   17.436|
op1<24>        |res<9>         |   16.820|
op1<24>        |res<10>        |   18.110|
op1<24>        |res<11>        |   17.702|
op1<24>        |res<12>        |   17.956|
op1<24>        |res<13>        |   17.890|
op1<24>        |res<14>        |   17.023|
op1<24>        |res<15>        |   17.431|
op1<24>        |res<16>        |   16.932|
op1<24>        |res<17>        |   16.409|
op1<24>        |res<18>        |   16.899|
op1<24>        |res<19>        |   16.645|
op1<24>        |res<20>        |   16.638|
op1<24>        |res<21>        |   16.363|
op1<24>        |res<22>        |   16.138|
op1<24>        |res<23>        |   15.699|
op1<24>        |res<24>        |   15.747|
op1<24>        |res<25>        |   16.818|
op1<24>        |res<26>        |   17.206|
op1<24>        |res<27>        |   16.275|
op1<24>        |res<28>        |   16.650|
op1<24>        |res<29>        |   16.654|
op1<24>        |res<30>        |   17.128|
op1<24>        |res<31>        |   16.938|
op1<25>        |res<0>         |   16.105|
op1<25>        |res<1>         |   16.527|
op1<25>        |res<2>         |   15.758|
op1<25>        |res<3>         |   16.039|
op1<25>        |res<4>         |   15.642|
op1<25>        |res<5>         |   16.196|
op1<25>        |res<6>         |   15.374|
op1<25>        |res<7>         |   15.485|
op1<25>        |res<8>         |   16.375|
op1<25>        |res<9>         |   15.759|
op1<25>        |res<10>        |   17.049|
op1<25>        |res<11>        |   16.641|
op1<25>        |res<12>        |   16.895|
op1<25>        |res<13>        |   16.829|
op1<25>        |res<14>        |   15.962|
op1<25>        |res<15>        |   16.370|
op1<25>        |res<16>        |   15.871|
op1<25>        |res<17>        |   15.348|
op1<25>        |res<18>        |   15.838|
op1<25>        |res<19>        |   15.584|
op1<25>        |res<20>        |   15.577|
op1<25>        |res<21>        |   15.302|
op1<25>        |res<22>        |   15.077|
op1<25>        |res<23>        |   14.638|
op1<25>        |res<24>        |   14.686|
op1<25>        |res<25>        |   15.757|
op1<25>        |res<26>        |   16.145|
op1<25>        |res<27>        |   15.214|
op1<25>        |res<28>        |   15.589|
op1<25>        |res<29>        |   15.593|
op1<25>        |res<30>        |   16.067|
op1<25>        |res<31>        |   16.254|
op1<26>        |res<0>         |   15.912|
op1<26>        |res<1>         |   16.334|
op1<26>        |res<2>         |   15.565|
op1<26>        |res<3>         |   15.846|
op1<26>        |res<4>         |   15.449|
op1<26>        |res<5>         |   16.003|
op1<26>        |res<6>         |   15.181|
op1<26>        |res<7>         |   15.292|
op1<26>        |res<8>         |   16.182|
op1<26>        |res<9>         |   15.566|
op1<26>        |res<10>        |   16.856|
op1<26>        |res<11>        |   16.448|
op1<26>        |res<12>        |   16.702|
op1<26>        |res<13>        |   16.636|
op1<26>        |res<14>        |   15.769|
op1<26>        |res<15>        |   16.177|
op1<26>        |res<16>        |   15.678|
op1<26>        |res<17>        |   15.155|
op1<26>        |res<18>        |   15.645|
op1<26>        |res<19>        |   15.391|
op1<26>        |res<20>        |   15.384|
op1<26>        |res<21>        |   15.109|
op1<26>        |res<22>        |   14.884|
op1<26>        |res<23>        |   14.445|
op1<26>        |res<24>        |   14.493|
op1<26>        |res<25>        |   15.564|
op1<26>        |res<26>        |   15.952|
op1<26>        |res<27>        |   15.021|
op1<26>        |res<28>        |   15.396|
op1<26>        |res<29>        |   15.400|
op1<26>        |res<30>        |   15.874|
op1<26>        |res<31>        |   15.905|
op1<27>        |res<0>         |   15.329|
op1<27>        |res<1>         |   15.751|
op1<27>        |res<2>         |   14.969|
op1<27>        |res<3>         |   15.250|
op1<27>        |res<4>         |   14.853|
op1<27>        |res<5>         |   15.407|
op1<27>        |res<6>         |   14.598|
op1<27>        |res<7>         |   14.696|
op1<27>        |res<8>         |   15.586|
op1<27>        |res<9>         |   14.983|
op1<27>        |res<10>        |   16.260|
op1<27>        |res<11>        |   15.865|
op1<27>        |res<12>        |   16.119|
op1<27>        |res<13>        |   16.053|
op1<27>        |res<14>        |   15.173|
op1<27>        |res<15>        |   15.594|
op1<27>        |res<16>        |   15.095|
op1<27>        |res<17>        |   14.569|
op1<27>        |res<18>        |   15.049|
op1<27>        |res<19>        |   14.808|
op1<27>        |res<20>        |   14.788|
op1<27>        |res<21>        |   14.526|
op1<27>        |res<22>        |   14.288|
op1<27>        |res<23>        |   13.849|
op1<27>        |res<24>        |   13.910|
op1<27>        |res<25>        |   14.981|
op1<27>        |res<26>        |   15.369|
op1<27>        |res<27>        |   14.438|
op1<27>        |res<28>        |   14.813|
op1<27>        |res<29>        |   14.817|
op1<27>        |res<30>        |   15.509|
op1<27>        |res<31>        |   15.960|
op1<28>        |res<0>         |   15.061|
op1<28>        |res<1>         |   15.483|
op1<28>        |res<2>         |   14.714|
op1<28>        |res<3>         |   14.995|
op1<28>        |res<4>         |   14.598|
op1<28>        |res<5>         |   15.152|
op1<28>        |res<6>         |   14.330|
op1<28>        |res<7>         |   14.441|
op1<28>        |res<8>         |   15.331|
op1<28>        |res<9>         |   14.715|
op1<28>        |res<10>        |   16.005|
op1<28>        |res<11>        |   15.597|
op1<28>        |res<12>        |   15.851|
op1<28>        |res<13>        |   15.785|
op1<28>        |res<14>        |   14.918|
op1<28>        |res<15>        |   15.326|
op1<28>        |res<16>        |   14.827|
op1<28>        |res<17>        |   14.304|
op1<28>        |res<18>        |   14.794|
op1<28>        |res<19>        |   14.540|
op1<28>        |res<20>        |   14.533|
op1<28>        |res<21>        |   14.258|
op1<28>        |res<22>        |   14.033|
op1<28>        |res<23>        |   13.594|
op1<28>        |res<24>        |   13.642|
op1<28>        |res<25>        |   14.713|
op1<28>        |res<26>        |   15.101|
op1<28>        |res<27>        |   14.170|
op1<28>        |res<28>        |   14.545|
op1<28>        |res<29>        |   14.549|
op1<28>        |res<30>        |   15.023|
op1<28>        |res<31>        |   14.833|
op1<29>        |res<0>         |   15.407|
op1<29>        |res<1>         |   15.829|
op1<29>        |res<2>         |   15.060|
op1<29>        |res<3>         |   15.341|
op1<29>        |res<4>         |   14.944|
op1<29>        |res<5>         |   15.498|
op1<29>        |res<6>         |   14.676|
op1<29>        |res<7>         |   14.787|
op1<29>        |res<8>         |   15.677|
op1<29>        |res<9>         |   15.061|
op1<29>        |res<10>        |   16.351|
op1<29>        |res<11>        |   15.943|
op1<29>        |res<12>        |   16.197|
op1<29>        |res<13>        |   16.131|
op1<29>        |res<14>        |   15.264|
op1<29>        |res<15>        |   15.672|
op1<29>        |res<16>        |   15.173|
op1<29>        |res<17>        |   14.650|
op1<29>        |res<18>        |   15.140|
op1<29>        |res<19>        |   14.886|
op1<29>        |res<20>        |   14.879|
op1<29>        |res<21>        |   14.604|
op1<29>        |res<22>        |   14.379|
op1<29>        |res<23>        |   13.940|
op1<29>        |res<24>        |   13.988|
op1<29>        |res<25>        |   15.059|
op1<29>        |res<26>        |   15.447|
op1<29>        |res<27>        |   14.516|
op1<29>        |res<28>        |   14.891|
op1<29>        |res<29>        |   14.895|
op1<29>        |res<30>        |   15.369|
op1<29>        |res<31>        |   15.179|
op1<30>        |res<0>         |   14.921|
op1<30>        |res<1>         |   15.343|
op1<30>        |res<2>         |   14.574|
op1<30>        |res<3>         |   14.855|
op1<30>        |res<4>         |   14.458|
op1<30>        |res<5>         |   15.012|
op1<30>        |res<6>         |   14.190|
op1<30>        |res<7>         |   14.301|
op1<30>        |res<8>         |   15.191|
op1<30>        |res<9>         |   14.575|
op1<30>        |res<10>        |   15.865|
op1<30>        |res<11>        |   15.457|
op1<30>        |res<12>        |   15.711|
op1<30>        |res<13>        |   15.645|
op1<30>        |res<14>        |   14.778|
op1<30>        |res<15>        |   15.186|
op1<30>        |res<16>        |   14.687|
op1<30>        |res<17>        |   14.164|
op1<30>        |res<18>        |   14.654|
op1<30>        |res<19>        |   14.400|
op1<30>        |res<20>        |   14.393|
op1<30>        |res<21>        |   14.118|
op1<30>        |res<22>        |   13.893|
op1<30>        |res<23>        |   13.454|
op1<30>        |res<24>        |   13.502|
op1<30>        |res<25>        |   14.573|
op1<30>        |res<26>        |   14.961|
op1<30>        |res<27>        |   14.030|
op1<30>        |res<28>        |   14.405|
op1<30>        |res<29>        |   14.409|
op1<30>        |res<30>        |   14.883|
op1<30>        |res<31>        |   14.693|
op1<31>        |res<0>         |   14.793|
op1<31>        |res<1>         |   15.215|
op1<31>        |res<2>         |   14.446|
op1<31>        |res<3>         |   14.727|
op1<31>        |res<4>         |   14.330|
op1<31>        |res<5>         |   14.884|
op1<31>        |res<6>         |   14.062|
op1<31>        |res<7>         |   14.173|
op1<31>        |res<8>         |   15.063|
op1<31>        |res<9>         |   14.447|
op1<31>        |res<10>        |   15.737|
op1<31>        |res<11>        |   15.329|
op1<31>        |res<12>        |   15.583|
op1<31>        |res<13>        |   15.517|
op1<31>        |res<14>        |   14.650|
op1<31>        |res<15>        |   15.058|
op1<31>        |res<16>        |   14.559|
op1<31>        |res<17>        |   14.036|
op1<31>        |res<18>        |   14.526|
op1<31>        |res<19>        |   14.272|
op1<31>        |res<20>        |   14.265|
op1<31>        |res<21>        |   13.990|
op1<31>        |res<22>        |   13.765|
op1<31>        |res<23>        |   13.326|
op1<31>        |res<24>        |   13.708|
op1<31>        |res<25>        |   14.445|
op1<31>        |res<26>        |   14.833|
op1<31>        |res<27>        |   13.902|
op1<31>        |res<28>        |   14.277|
op1<31>        |res<29>        |   14.281|
op1<31>        |res<30>        |   14.755|
op1<31>        |res<31>        |   15.997|
op2<0>         |res<0>         |   17.880|
op2<0>         |res<1>         |   18.302|
op2<0>         |res<2>         |   17.533|
op2<0>         |res<3>         |   17.814|
op2<0>         |res<4>         |   17.417|
op2<0>         |res<5>         |   17.971|
op2<0>         |res<6>         |   17.149|
op2<0>         |res<7>         |   17.260|
op2<0>         |res<8>         |   18.150|
op2<0>         |res<9>         |   17.534|
op2<0>         |res<10>        |   18.824|
op2<0>         |res<11>        |   18.416|
op2<0>         |res<12>        |   18.670|
op2<0>         |res<13>        |   18.604|
op2<0>         |res<14>        |   17.737|
op2<0>         |res<15>        |   18.145|
op2<0>         |res<16>        |   17.646|
op2<0>         |res<17>        |   17.123|
op2<0>         |res<18>        |   17.613|
op2<0>         |res<19>        |   17.359|
op2<0>         |res<20>        |   17.352|
op2<0>         |res<21>        |   17.077|
op2<0>         |res<22>        |   16.852|
op2<0>         |res<23>        |   16.413|
op2<0>         |res<24>        |   16.461|
op2<0>         |res<25>        |   17.532|
op2<0>         |res<26>        |   17.920|
op2<0>         |res<27>        |   16.989|
op2<0>         |res<28>        |   17.364|
op2<0>         |res<29>        |   17.368|
op2<0>         |res<30>        |   17.842|
op2<0>         |res<31>        |   17.652|
op2<1>         |res<0>         |   18.251|
op2<1>         |res<1>         |   18.673|
op2<1>         |res<2>         |   17.904|
op2<1>         |res<3>         |   18.185|
op2<1>         |res<4>         |   17.788|
op2<1>         |res<5>         |   18.342|
op2<1>         |res<6>         |   17.520|
op2<1>         |res<7>         |   17.631|
op2<1>         |res<8>         |   18.521|
op2<1>         |res<9>         |   17.905|
op2<1>         |res<10>        |   19.195|
op2<1>         |res<11>        |   18.787|
op2<1>         |res<12>        |   19.041|
op2<1>         |res<13>        |   18.975|
op2<1>         |res<14>        |   18.108|
op2<1>         |res<15>        |   18.516|
op2<1>         |res<16>        |   18.017|
op2<1>         |res<17>        |   17.494|
op2<1>         |res<18>        |   17.984|
op2<1>         |res<19>        |   17.730|
op2<1>         |res<20>        |   17.723|
op2<1>         |res<21>        |   17.448|
op2<1>         |res<22>        |   17.223|
op2<1>         |res<23>        |   16.784|
op2<1>         |res<24>        |   16.832|
op2<1>         |res<25>        |   17.903|
op2<1>         |res<26>        |   18.291|
op2<1>         |res<27>        |   17.360|
op2<1>         |res<28>        |   17.735|
op2<1>         |res<29>        |   17.739|
op2<1>         |res<30>        |   18.213|
op2<1>         |res<31>        |   18.023|
op2<2>         |res<0>         |   17.586|
op2<2>         |res<1>         |   18.008|
op2<2>         |res<2>         |   17.239|
op2<2>         |res<3>         |   17.520|
op2<2>         |res<4>         |   17.123|
op2<2>         |res<5>         |   17.677|
op2<2>         |res<6>         |   16.855|
op2<2>         |res<7>         |   16.966|
op2<2>         |res<8>         |   17.856|
op2<2>         |res<9>         |   17.240|
op2<2>         |res<10>        |   18.530|
op2<2>         |res<11>        |   18.122|
op2<2>         |res<12>        |   18.376|
op2<2>         |res<13>        |   18.310|
op2<2>         |res<14>        |   17.443|
op2<2>         |res<15>        |   17.851|
op2<2>         |res<16>        |   17.352|
op2<2>         |res<17>        |   16.829|
op2<2>         |res<18>        |   17.319|
op2<2>         |res<19>        |   17.065|
op2<2>         |res<20>        |   17.058|
op2<2>         |res<21>        |   16.783|
op2<2>         |res<22>        |   16.558|
op2<2>         |res<23>        |   16.119|
op2<2>         |res<24>        |   16.167|
op2<2>         |res<25>        |   17.238|
op2<2>         |res<26>        |   17.626|
op2<2>         |res<27>        |   16.695|
op2<2>         |res<28>        |   17.070|
op2<2>         |res<29>        |   17.074|
op2<2>         |res<30>        |   17.548|
op2<2>         |res<31>        |   17.358|
op2<3>         |res<0>         |   17.674|
op2<3>         |res<1>         |   18.096|
op2<3>         |res<2>         |   17.327|
op2<3>         |res<3>         |   17.608|
op2<3>         |res<4>         |   17.211|
op2<3>         |res<5>         |   17.765|
op2<3>         |res<6>         |   16.943|
op2<3>         |res<7>         |   17.054|
op2<3>         |res<8>         |   17.944|
op2<3>         |res<9>         |   17.328|
op2<3>         |res<10>        |   18.618|
op2<3>         |res<11>        |   18.210|
op2<3>         |res<12>        |   18.464|
op2<3>         |res<13>        |   18.398|
op2<3>         |res<14>        |   17.531|
op2<3>         |res<15>        |   17.939|
op2<3>         |res<16>        |   17.440|
op2<3>         |res<17>        |   16.917|
op2<3>         |res<18>        |   17.407|
op2<3>         |res<19>        |   17.153|
op2<3>         |res<20>        |   17.146|
op2<3>         |res<21>        |   16.871|
op2<3>         |res<22>        |   16.646|
op2<3>         |res<23>        |   16.207|
op2<3>         |res<24>        |   16.255|
op2<3>         |res<25>        |   17.326|
op2<3>         |res<26>        |   17.714|
op2<3>         |res<27>        |   16.783|
op2<3>         |res<28>        |   17.158|
op2<3>         |res<29>        |   17.162|
op2<3>         |res<30>        |   17.636|
op2<3>         |res<31>        |   17.446|
op2<4>         |res<0>         |   17.303|
op2<4>         |res<1>         |   17.725|
op2<4>         |res<2>         |   16.956|
op2<4>         |res<3>         |   17.237|
op2<4>         |res<4>         |   16.840|
op2<4>         |res<5>         |   17.394|
op2<4>         |res<6>         |   16.572|
op2<4>         |res<7>         |   16.683|
op2<4>         |res<8>         |   17.573|
op2<4>         |res<9>         |   16.957|
op2<4>         |res<10>        |   18.247|
op2<4>         |res<11>        |   17.839|
op2<4>         |res<12>        |   18.093|
op2<4>         |res<13>        |   18.027|
op2<4>         |res<14>        |   17.160|
op2<4>         |res<15>        |   17.568|
op2<4>         |res<16>        |   17.069|
op2<4>         |res<17>        |   16.546|
op2<4>         |res<18>        |   17.036|
op2<4>         |res<19>        |   16.782|
op2<4>         |res<20>        |   16.775|
op2<4>         |res<21>        |   16.500|
op2<4>         |res<22>        |   16.275|
op2<4>         |res<23>        |   15.836|
op2<4>         |res<24>        |   15.884|
op2<4>         |res<25>        |   16.955|
op2<4>         |res<26>        |   17.343|
op2<4>         |res<27>        |   16.412|
op2<4>         |res<28>        |   16.787|
op2<4>         |res<29>        |   16.791|
op2<4>         |res<30>        |   17.265|
op2<4>         |res<31>        |   17.075|
op2<5>         |res<0>         |   17.565|
op2<5>         |res<1>         |   17.987|
op2<5>         |res<2>         |   17.218|
op2<5>         |res<3>         |   17.499|
op2<5>         |res<4>         |   17.102|
op2<5>         |res<5>         |   17.656|
op2<5>         |res<6>         |   16.834|
op2<5>         |res<7>         |   16.945|
op2<5>         |res<8>         |   17.835|
op2<5>         |res<9>         |   17.219|
op2<5>         |res<10>        |   18.509|
op2<5>         |res<11>        |   18.101|
op2<5>         |res<12>        |   18.355|
op2<5>         |res<13>        |   18.289|
op2<5>         |res<14>        |   17.422|
op2<5>         |res<15>        |   17.830|
op2<5>         |res<16>        |   17.331|
op2<5>         |res<17>        |   16.808|
op2<5>         |res<18>        |   17.298|
op2<5>         |res<19>        |   17.044|
op2<5>         |res<20>        |   17.037|
op2<5>         |res<21>        |   16.762|
op2<5>         |res<22>        |   16.537|
op2<5>         |res<23>        |   16.098|
op2<5>         |res<24>        |   16.146|
op2<5>         |res<25>        |   17.217|
op2<5>         |res<26>        |   17.605|
op2<5>         |res<27>        |   16.674|
op2<5>         |res<28>        |   17.049|
op2<5>         |res<29>        |   17.053|
op2<5>         |res<30>        |   17.527|
op2<5>         |res<31>        |   17.337|
op2<6>         |res<0>         |   17.642|
op2<6>         |res<1>         |   18.064|
op2<6>         |res<2>         |   17.295|
op2<6>         |res<3>         |   17.576|
op2<6>         |res<4>         |   17.179|
op2<6>         |res<5>         |   17.733|
op2<6>         |res<6>         |   16.911|
op2<6>         |res<7>         |   17.022|
op2<6>         |res<8>         |   17.912|
op2<6>         |res<9>         |   17.296|
op2<6>         |res<10>        |   18.586|
op2<6>         |res<11>        |   18.178|
op2<6>         |res<12>        |   18.432|
op2<6>         |res<13>        |   18.366|
op2<6>         |res<14>        |   17.499|
op2<6>         |res<15>        |   17.907|
op2<6>         |res<16>        |   17.408|
op2<6>         |res<17>        |   16.885|
op2<6>         |res<18>        |   17.375|
op2<6>         |res<19>        |   17.121|
op2<6>         |res<20>        |   17.114|
op2<6>         |res<21>        |   16.839|
op2<6>         |res<22>        |   16.614|
op2<6>         |res<23>        |   16.175|
op2<6>         |res<24>        |   16.223|
op2<6>         |res<25>        |   17.294|
op2<6>         |res<26>        |   17.682|
op2<6>         |res<27>        |   16.751|
op2<6>         |res<28>        |   17.126|
op2<6>         |res<29>        |   17.130|
op2<6>         |res<30>        |   17.604|
op2<6>         |res<31>        |   17.414|
op2<7>         |res<0>         |   17.272|
op2<7>         |res<1>         |   17.694|
op2<7>         |res<2>         |   16.925|
op2<7>         |res<3>         |   17.206|
op2<7>         |res<4>         |   16.809|
op2<7>         |res<5>         |   17.363|
op2<7>         |res<6>         |   16.541|
op2<7>         |res<7>         |   16.652|
op2<7>         |res<8>         |   17.542|
op2<7>         |res<9>         |   16.926|
op2<7>         |res<10>        |   18.216|
op2<7>         |res<11>        |   17.808|
op2<7>         |res<12>        |   18.062|
op2<7>         |res<13>        |   17.996|
op2<7>         |res<14>        |   17.129|
op2<7>         |res<15>        |   17.537|
op2<7>         |res<16>        |   17.038|
op2<7>         |res<17>        |   16.515|
op2<7>         |res<18>        |   17.005|
op2<7>         |res<19>        |   16.751|
op2<7>         |res<20>        |   16.744|
op2<7>         |res<21>        |   16.469|
op2<7>         |res<22>        |   16.244|
op2<7>         |res<23>        |   15.805|
op2<7>         |res<24>        |   15.853|
op2<7>         |res<25>        |   16.924|
op2<7>         |res<26>        |   17.312|
op2<7>         |res<27>        |   16.381|
op2<7>         |res<28>        |   16.756|
op2<7>         |res<29>        |   16.760|
op2<7>         |res<30>        |   17.234|
op2<7>         |res<31>        |   17.044|
op2<8>         |res<0>         |   17.253|
op2<8>         |res<1>         |   17.675|
op2<8>         |res<2>         |   16.906|
op2<8>         |res<3>         |   17.187|
op2<8>         |res<4>         |   16.790|
op2<8>         |res<5>         |   17.344|
op2<8>         |res<6>         |   16.522|
op2<8>         |res<7>         |   16.633|
op2<8>         |res<8>         |   17.523|
op2<8>         |res<9>         |   16.907|
op2<8>         |res<10>        |   18.197|
op2<8>         |res<11>        |   17.789|
op2<8>         |res<12>        |   18.043|
op2<8>         |res<13>        |   17.977|
op2<8>         |res<14>        |   17.110|
op2<8>         |res<15>        |   17.518|
op2<8>         |res<16>        |   17.019|
op2<8>         |res<17>        |   16.496|
op2<8>         |res<18>        |   16.986|
op2<8>         |res<19>        |   16.732|
op2<8>         |res<20>        |   16.725|
op2<8>         |res<21>        |   16.450|
op2<8>         |res<22>        |   16.225|
op2<8>         |res<23>        |   15.786|
op2<8>         |res<24>        |   15.834|
op2<8>         |res<25>        |   16.905|
op2<8>         |res<26>        |   17.293|
op2<8>         |res<27>        |   16.362|
op2<8>         |res<28>        |   16.737|
op2<8>         |res<29>        |   16.741|
op2<8>         |res<30>        |   17.215|
op2<8>         |res<31>        |   17.025|
op2<9>         |res<0>         |   17.355|
op2<9>         |res<1>         |   17.777|
op2<9>         |res<2>         |   17.008|
op2<9>         |res<3>         |   17.289|
op2<9>         |res<4>         |   16.892|
op2<9>         |res<5>         |   17.446|
op2<9>         |res<6>         |   16.624|
op2<9>         |res<7>         |   16.735|
op2<9>         |res<8>         |   17.625|
op2<9>         |res<9>         |   17.009|
op2<9>         |res<10>        |   18.299|
op2<9>         |res<11>        |   17.891|
op2<9>         |res<12>        |   18.145|
op2<9>         |res<13>        |   18.079|
op2<9>         |res<14>        |   17.212|
op2<9>         |res<15>        |   17.620|
op2<9>         |res<16>        |   17.121|
op2<9>         |res<17>        |   16.598|
op2<9>         |res<18>        |   17.088|
op2<9>         |res<19>        |   16.834|
op2<9>         |res<20>        |   16.827|
op2<9>         |res<21>        |   16.552|
op2<9>         |res<22>        |   16.327|
op2<9>         |res<23>        |   15.888|
op2<9>         |res<24>        |   15.936|
op2<9>         |res<25>        |   17.007|
op2<9>         |res<26>        |   17.395|
op2<9>         |res<27>        |   16.464|
op2<9>         |res<28>        |   16.839|
op2<9>         |res<29>        |   16.843|
op2<9>         |res<30>        |   17.317|
op2<9>         |res<31>        |   17.127|
op2<10>        |res<0>         |   17.226|
op2<10>        |res<1>         |   17.648|
op2<10>        |res<2>         |   16.879|
op2<10>        |res<3>         |   17.160|
op2<10>        |res<4>         |   16.763|
op2<10>        |res<5>         |   17.317|
op2<10>        |res<6>         |   16.495|
op2<10>        |res<7>         |   16.606|
op2<10>        |res<8>         |   17.496|
op2<10>        |res<9>         |   16.880|
op2<10>        |res<10>        |   18.170|
op2<10>        |res<11>        |   17.762|
op2<10>        |res<12>        |   18.016|
op2<10>        |res<13>        |   17.950|
op2<10>        |res<14>        |   17.083|
op2<10>        |res<15>        |   17.491|
op2<10>        |res<16>        |   16.992|
op2<10>        |res<17>        |   16.469|
op2<10>        |res<18>        |   16.959|
op2<10>        |res<19>        |   16.705|
op2<10>        |res<20>        |   16.698|
op2<10>        |res<21>        |   16.423|
op2<10>        |res<22>        |   16.198|
op2<10>        |res<23>        |   15.759|
op2<10>        |res<24>        |   15.807|
op2<10>        |res<25>        |   16.878|
op2<10>        |res<26>        |   17.266|
op2<10>        |res<27>        |   16.335|
op2<10>        |res<28>        |   16.710|
op2<10>        |res<29>        |   16.714|
op2<10>        |res<30>        |   17.188|
op2<10>        |res<31>        |   16.998|
op2<11>        |res<0>         |   18.948|
op2<11>        |res<1>         |   19.370|
op2<11>        |res<2>         |   18.588|
op2<11>        |res<3>         |   18.869|
op2<11>        |res<4>         |   18.472|
op2<11>        |res<5>         |   19.026|
op2<11>        |res<6>         |   18.217|
op2<11>        |res<7>         |   18.315|
op2<11>        |res<8>         |   19.205|
op2<11>        |res<9>         |   18.602|
op2<11>        |res<10>        |   19.879|
op2<11>        |res<11>        |   19.484|
op2<11>        |res<12>        |   19.738|
op2<11>        |res<13>        |   19.672|
op2<11>        |res<14>        |   18.792|
op2<11>        |res<15>        |   19.213|
op2<11>        |res<16>        |   18.714|
op2<11>        |res<17>        |   18.188|
op2<11>        |res<18>        |   18.668|
op2<11>        |res<19>        |   18.427|
op2<11>        |res<20>        |   18.407|
op2<11>        |res<21>        |   18.145|
op2<11>        |res<22>        |   17.907|
op2<11>        |res<23>        |   17.468|
op2<11>        |res<24>        |   17.529|
op2<11>        |res<25>        |   18.600|
op2<11>        |res<26>        |   18.988|
op2<11>        |res<27>        |   18.057|
op2<11>        |res<28>        |   18.432|
op2<11>        |res<29>        |   18.436|
op2<11>        |res<30>        |   18.897|
op2<11>        |res<31>        |   18.720|
op2<12>        |res<0>         |   16.825|
op2<12>        |res<1>         |   17.247|
op2<12>        |res<2>         |   16.478|
op2<12>        |res<3>         |   16.759|
op2<12>        |res<4>         |   16.362|
op2<12>        |res<5>         |   16.916|
op2<12>        |res<6>         |   16.094|
op2<12>        |res<7>         |   16.205|
op2<12>        |res<8>         |   17.095|
op2<12>        |res<9>         |   16.479|
op2<12>        |res<10>        |   17.769|
op2<12>        |res<11>        |   17.361|
op2<12>        |res<12>        |   17.615|
op2<12>        |res<13>        |   17.549|
op2<12>        |res<14>        |   16.682|
op2<12>        |res<15>        |   17.090|
op2<12>        |res<16>        |   16.591|
op2<12>        |res<17>        |   16.068|
op2<12>        |res<18>        |   16.558|
op2<12>        |res<19>        |   16.304|
op2<12>        |res<20>        |   16.297|
op2<12>        |res<21>        |   16.022|
op2<12>        |res<22>        |   15.797|
op2<12>        |res<23>        |   15.358|
op2<12>        |res<24>        |   15.406|
op2<12>        |res<25>        |   16.477|
op2<12>        |res<26>        |   16.865|
op2<12>        |res<27>        |   15.934|
op2<12>        |res<28>        |   16.309|
op2<12>        |res<29>        |   16.313|
op2<12>        |res<30>        |   16.787|
op2<12>        |res<31>        |   16.597|
op2<13>        |res<0>         |   16.329|
op2<13>        |res<1>         |   16.751|
op2<13>        |res<2>         |   15.981|
op2<13>        |res<3>         |   16.262|
op2<13>        |res<4>         |   15.865|
op2<13>        |res<5>         |   16.419|
op2<13>        |res<6>         |   15.598|
op2<13>        |res<7>         |   15.708|
op2<13>        |res<8>         |   16.598|
op2<13>        |res<9>         |   15.983|
op2<13>        |res<10>        |   17.272|
op2<13>        |res<11>        |   16.865|
op2<13>        |res<12>        |   17.119|
op2<13>        |res<13>        |   17.053|
op2<13>        |res<14>        |   16.185|
op2<13>        |res<15>        |   16.594|
op2<13>        |res<16>        |   16.095|
op2<13>        |res<17>        |   15.571|
op2<13>        |res<18>        |   16.061|
op2<13>        |res<19>        |   15.808|
op2<13>        |res<20>        |   15.800|
op2<13>        |res<21>        |   15.526|
op2<13>        |res<22>        |   15.300|
op2<13>        |res<23>        |   14.861|
op2<13>        |res<24>        |   14.910|
op2<13>        |res<25>        |   15.981|
op2<13>        |res<26>        |   16.369|
op2<13>        |res<27>        |   15.438|
op2<13>        |res<28>        |   15.813|
op2<13>        |res<29>        |   15.817|
op2<13>        |res<30>        |   16.290|
op2<13>        |res<31>        |   16.101|
op2<14>        |res<0>         |   16.694|
op2<14>        |res<1>         |   17.116|
op2<14>        |res<2>         |   16.347|
op2<14>        |res<3>         |   16.628|
op2<14>        |res<4>         |   16.231|
op2<14>        |res<5>         |   16.785|
op2<14>        |res<6>         |   15.963|
op2<14>        |res<7>         |   16.074|
op2<14>        |res<8>         |   16.964|
op2<14>        |res<9>         |   16.348|
op2<14>        |res<10>        |   17.638|
op2<14>        |res<11>        |   17.230|
op2<14>        |res<12>        |   17.484|
op2<14>        |res<13>        |   17.418|
op2<14>        |res<14>        |   16.551|
op2<14>        |res<15>        |   16.959|
op2<14>        |res<16>        |   16.460|
op2<14>        |res<17>        |   15.937|
op2<14>        |res<18>        |   16.427|
op2<14>        |res<19>        |   16.173|
op2<14>        |res<20>        |   16.166|
op2<14>        |res<21>        |   15.891|
op2<14>        |res<22>        |   15.666|
op2<14>        |res<23>        |   15.227|
op2<14>        |res<24>        |   15.275|
op2<14>        |res<25>        |   16.346|
op2<14>        |res<26>        |   16.734|
op2<14>        |res<27>        |   15.803|
op2<14>        |res<28>        |   16.178|
op2<14>        |res<29>        |   16.182|
op2<14>        |res<30>        |   16.656|
op2<14>        |res<31>        |   16.466|
op2<15>        |res<0>         |   19.176|
op2<15>        |res<1>         |   19.598|
op2<15>        |res<2>         |   18.829|
op2<15>        |res<3>         |   19.110|
op2<15>        |res<4>         |   18.713|
op2<15>        |res<5>         |   19.267|
op2<15>        |res<6>         |   18.445|
op2<15>        |res<7>         |   18.556|
op2<15>        |res<8>         |   19.446|
op2<15>        |res<9>         |   18.830|
op2<15>        |res<10>        |   20.120|
op2<15>        |res<11>        |   19.712|
op2<15>        |res<12>        |   19.966|
op2<15>        |res<13>        |   19.900|
op2<15>        |res<14>        |   19.033|
op2<15>        |res<15>        |   19.441|
op2<15>        |res<16>        |   18.942|
op2<15>        |res<17>        |   18.419|
op2<15>        |res<18>        |   18.909|
op2<15>        |res<19>        |   18.655|
op2<15>        |res<20>        |   18.648|
op2<15>        |res<21>        |   18.373|
op2<15>        |res<22>        |   18.148|
op2<15>        |res<23>        |   17.709|
op2<15>        |res<24>        |   17.757|
op2<15>        |res<25>        |   18.828|
op2<15>        |res<26>        |   19.216|
op2<15>        |res<27>        |   18.285|
op2<15>        |res<28>        |   18.660|
op2<15>        |res<29>        |   18.664|
op2<15>        |res<30>        |   19.138|
op2<15>        |res<31>        |   18.948|
op2<16>        |res<0>         |   16.759|
op2<16>        |res<1>         |   17.181|
op2<16>        |res<2>         |   16.412|
op2<16>        |res<3>         |   16.693|
op2<16>        |res<4>         |   16.296|
op2<16>        |res<5>         |   16.850|
op2<16>        |res<6>         |   16.028|
op2<16>        |res<7>         |   16.139|
op2<16>        |res<8>         |   17.029|
op2<16>        |res<9>         |   16.413|
op2<16>        |res<10>        |   17.703|
op2<16>        |res<11>        |   17.295|
op2<16>        |res<12>        |   17.549|
op2<16>        |res<13>        |   17.483|
op2<16>        |res<14>        |   16.616|
op2<16>        |res<15>        |   17.024|
op2<16>        |res<16>        |   16.525|
op2<16>        |res<17>        |   16.002|
op2<16>        |res<18>        |   16.492|
op2<16>        |res<19>        |   16.238|
op2<16>        |res<20>        |   16.231|
op2<16>        |res<21>        |   15.956|
op2<16>        |res<22>        |   15.731|
op2<16>        |res<23>        |   15.292|
op2<16>        |res<24>        |   15.340|
op2<16>        |res<25>        |   16.411|
op2<16>        |res<26>        |   16.799|
op2<16>        |res<27>        |   15.868|
op2<16>        |res<28>        |   16.243|
op2<16>        |res<29>        |   16.247|
op2<16>        |res<30>        |   16.721|
op2<16>        |res<31>        |   16.531|
op2<17>        |res<0>         |   16.690|
op2<17>        |res<1>         |   17.112|
op2<17>        |res<2>         |   16.343|
op2<17>        |res<3>         |   16.624|
op2<17>        |res<4>         |   16.227|
op2<17>        |res<5>         |   16.781|
op2<17>        |res<6>         |   15.959|
op2<17>        |res<7>         |   16.070|
op2<17>        |res<8>         |   16.960|
op2<17>        |res<9>         |   16.344|
op2<17>        |res<10>        |   17.634|
op2<17>        |res<11>        |   17.226|
op2<17>        |res<12>        |   17.480|
op2<17>        |res<13>        |   17.414|
op2<17>        |res<14>        |   16.547|
op2<17>        |res<15>        |   16.955|
op2<17>        |res<16>        |   16.456|
op2<17>        |res<17>        |   15.933|
op2<17>        |res<18>        |   16.423|
op2<17>        |res<19>        |   16.169|
op2<17>        |res<20>        |   16.162|
op2<17>        |res<21>        |   15.887|
op2<17>        |res<22>        |   15.662|
op2<17>        |res<23>        |   15.223|
op2<17>        |res<24>        |   15.271|
op2<17>        |res<25>        |   16.342|
op2<17>        |res<26>        |   16.730|
op2<17>        |res<27>        |   15.799|
op2<17>        |res<28>        |   16.174|
op2<17>        |res<29>        |   16.178|
op2<17>        |res<30>        |   16.652|
op2<17>        |res<31>        |   16.462|
op2<18>        |res<0>         |   16.117|
op2<18>        |res<1>         |   16.539|
op2<18>        |res<2>         |   15.757|
op2<18>        |res<3>         |   16.038|
op2<18>        |res<4>         |   15.641|
op2<18>        |res<5>         |   16.195|
op2<18>        |res<6>         |   15.386|
op2<18>        |res<7>         |   15.484|
op2<18>        |res<8>         |   16.374|
op2<18>        |res<9>         |   15.771|
op2<18>        |res<10>        |   17.048|
op2<18>        |res<11>        |   16.653|
op2<18>        |res<12>        |   16.907|
op2<18>        |res<13>        |   16.841|
op2<18>        |res<14>        |   15.961|
op2<18>        |res<15>        |   16.382|
op2<18>        |res<16>        |   15.883|
op2<18>        |res<17>        |   15.357|
op2<18>        |res<18>        |   15.837|
op2<18>        |res<19>        |   15.596|
op2<18>        |res<20>        |   15.576|
op2<18>        |res<21>        |   15.314|
op2<18>        |res<22>        |   15.076|
op2<18>        |res<23>        |   14.637|
op2<18>        |res<24>        |   14.698|
op2<18>        |res<25>        |   15.769|
op2<18>        |res<26>        |   16.157|
op2<18>        |res<27>        |   15.226|
op2<18>        |res<28>        |   15.601|
op2<18>        |res<29>        |   15.605|
op2<18>        |res<30>        |   16.066|
op2<18>        |res<31>        |   15.889|
op2<19>        |res<0>         |   16.484|
op2<19>        |res<1>         |   16.906|
op2<19>        |res<2>         |   16.124|
op2<19>        |res<3>         |   16.405|
op2<19>        |res<4>         |   16.008|
op2<19>        |res<5>         |   16.562|
op2<19>        |res<6>         |   15.753|
op2<19>        |res<7>         |   15.851|
op2<19>        |res<8>         |   16.741|
op2<19>        |res<9>         |   16.138|
op2<19>        |res<10>        |   17.415|
op2<19>        |res<11>        |   17.020|
op2<19>        |res<12>        |   17.274|
op2<19>        |res<13>        |   17.208|
op2<19>        |res<14>        |   16.328|
op2<19>        |res<15>        |   16.749|
op2<19>        |res<16>        |   16.250|
op2<19>        |res<17>        |   15.724|
op2<19>        |res<18>        |   16.204|
op2<19>        |res<19>        |   15.963|
op2<19>        |res<20>        |   15.943|
op2<19>        |res<21>        |   15.681|
op2<19>        |res<22>        |   15.443|
op2<19>        |res<23>        |   15.004|
op2<19>        |res<24>        |   15.065|
op2<19>        |res<25>        |   16.136|
op2<19>        |res<26>        |   16.524|
op2<19>        |res<27>        |   15.593|
op2<19>        |res<28>        |   15.968|
op2<19>        |res<29>        |   15.972|
op2<19>        |res<30>        |   16.433|
op2<19>        |res<31>        |   16.256|
op2<20>        |res<0>         |   15.926|
op2<20>        |res<1>         |   16.348|
op2<20>        |res<2>         |   15.566|
op2<20>        |res<3>         |   15.847|
op2<20>        |res<4>         |   15.450|
op2<20>        |res<5>         |   16.004|
op2<20>        |res<6>         |   15.195|
op2<20>        |res<7>         |   15.293|
op2<20>        |res<8>         |   16.183|
op2<20>        |res<9>         |   15.580|
op2<20>        |res<10>        |   16.857|
op2<20>        |res<11>        |   16.462|
op2<20>        |res<12>        |   16.716|
op2<20>        |res<13>        |   16.650|
op2<20>        |res<14>        |   15.770|
op2<20>        |res<15>        |   16.191|
op2<20>        |res<16>        |   15.692|
op2<20>        |res<17>        |   15.166|
op2<20>        |res<18>        |   15.646|
op2<20>        |res<19>        |   15.405|
op2<20>        |res<20>        |   15.385|
op2<20>        |res<21>        |   15.123|
op2<20>        |res<22>        |   14.885|
op2<20>        |res<23>        |   14.446|
op2<20>        |res<24>        |   14.561|
op2<20>        |res<25>        |   15.578|
op2<20>        |res<26>        |   15.966|
op2<20>        |res<27>        |   15.035|
op2<20>        |res<28>        |   15.410|
op2<20>        |res<29>        |   15.414|
op2<20>        |res<30>        |   15.875|
op2<20>        |res<31>        |   15.733|
op2<21>        |res<0>         |   15.910|
op2<21>        |res<1>         |   16.332|
op2<21>        |res<2>         |   15.550|
op2<21>        |res<3>         |   15.831|
op2<21>        |res<4>         |   15.434|
op2<21>        |res<5>         |   15.988|
op2<21>        |res<6>         |   15.179|
op2<21>        |res<7>         |   15.277|
op2<21>        |res<8>         |   16.167|
op2<21>        |res<9>         |   15.564|
op2<21>        |res<10>        |   16.841|
op2<21>        |res<11>        |   16.446|
op2<21>        |res<12>        |   16.700|
op2<21>        |res<13>        |   16.634|
op2<21>        |res<14>        |   15.754|
op2<21>        |res<15>        |   16.175|
op2<21>        |res<16>        |   15.676|
op2<21>        |res<17>        |   15.150|
op2<21>        |res<18>        |   15.630|
op2<21>        |res<19>        |   15.389|
op2<21>        |res<20>        |   15.369|
op2<21>        |res<21>        |   15.107|
op2<21>        |res<22>        |   14.869|
op2<21>        |res<23>        |   14.430|
op2<21>        |res<24>        |   14.491|
op2<21>        |res<25>        |   15.562|
op2<21>        |res<26>        |   15.950|
op2<21>        |res<27>        |   15.019|
op2<21>        |res<28>        |   15.394|
op2<21>        |res<29>        |   15.398|
op2<21>        |res<30>        |   15.859|
op2<21>        |res<31>        |   15.682|
op2<22>        |res<0>         |   16.255|
op2<22>        |res<1>         |   16.677|
op2<22>        |res<2>         |   15.908|
op2<22>        |res<3>         |   16.189|
op2<22>        |res<4>         |   15.792|
op2<22>        |res<5>         |   16.346|
op2<22>        |res<6>         |   15.524|
op2<22>        |res<7>         |   15.635|
op2<22>        |res<8>         |   16.525|
op2<22>        |res<9>         |   15.909|
op2<22>        |res<10>        |   17.199|
op2<22>        |res<11>        |   16.791|
op2<22>        |res<12>        |   17.045|
op2<22>        |res<13>        |   16.979|
op2<22>        |res<14>        |   16.112|
op2<22>        |res<15>        |   16.520|
op2<22>        |res<16>        |   16.021|
op2<22>        |res<17>        |   15.498|
op2<22>        |res<18>        |   15.988|
op2<22>        |res<19>        |   15.734|
op2<22>        |res<20>        |   15.727|
op2<22>        |res<21>        |   15.452|
op2<22>        |res<22>        |   15.227|
op2<22>        |res<23>        |   14.788|
op2<22>        |res<24>        |   14.836|
op2<22>        |res<25>        |   15.907|
op2<22>        |res<26>        |   16.295|
op2<22>        |res<27>        |   15.364|
op2<22>        |res<28>        |   15.739|
op2<22>        |res<29>        |   15.743|
op2<22>        |res<30>        |   16.217|
op2<22>        |res<31>        |   16.027|
op2<23>        |res<0>         |   16.583|
op2<23>        |res<1>         |   17.005|
op2<23>        |res<2>         |   16.236|
op2<23>        |res<3>         |   16.517|
op2<23>        |res<4>         |   16.120|
op2<23>        |res<5>         |   16.674|
op2<23>        |res<6>         |   15.852|
op2<23>        |res<7>         |   15.963|
op2<23>        |res<8>         |   16.853|
op2<23>        |res<9>         |   16.237|
op2<23>        |res<10>        |   17.527|
op2<23>        |res<11>        |   17.119|
op2<23>        |res<12>        |   17.373|
op2<23>        |res<13>        |   17.307|
op2<23>        |res<14>        |   16.440|
op2<23>        |res<15>        |   16.848|
op2<23>        |res<16>        |   16.349|
op2<23>        |res<17>        |   15.826|
op2<23>        |res<18>        |   16.316|
op2<23>        |res<19>        |   16.062|
op2<23>        |res<20>        |   16.055|
op2<23>        |res<21>        |   15.780|
op2<23>        |res<22>        |   15.555|
op2<23>        |res<23>        |   15.116|
op2<23>        |res<24>        |   15.164|
op2<23>        |res<25>        |   16.235|
op2<23>        |res<26>        |   16.623|
op2<23>        |res<27>        |   15.692|
op2<23>        |res<28>        |   16.067|
op2<23>        |res<29>        |   16.071|
op2<23>        |res<30>        |   16.545|
op2<23>        |res<31>        |   16.355|
op2<24>        |res<0>         |   15.868|
op2<24>        |res<1>         |   16.290|
op2<24>        |res<2>         |   15.512|
op2<24>        |res<3>         |   15.793|
op2<24>        |res<4>         |   15.396|
op2<24>        |res<5>         |   15.950|
op2<24>        |res<6>         |   15.137|
op2<24>        |res<7>         |   15.239|
op2<24>        |res<8>         |   16.129|
op2<24>        |res<9>         |   15.522|
op2<24>        |res<10>        |   16.803|
op2<24>        |res<11>        |   16.404|
op2<24>        |res<12>        |   16.658|
op2<24>        |res<13>        |   16.592|
op2<24>        |res<14>        |   15.716|
op2<24>        |res<15>        |   16.133|
op2<24>        |res<16>        |   15.634|
op2<24>        |res<17>        |   15.108|
op2<24>        |res<18>        |   15.592|
op2<24>        |res<19>        |   15.347|
op2<24>        |res<20>        |   15.331|
op2<24>        |res<21>        |   15.065|
op2<24>        |res<22>        |   14.831|
op2<24>        |res<23>        |   14.392|
op2<24>        |res<24>        |   14.449|
op2<24>        |res<25>        |   15.520|
op2<24>        |res<26>        |   15.908|
op2<24>        |res<27>        |   14.977|
op2<24>        |res<28>        |   15.352|
op2<24>        |res<29>        |   15.356|
op2<24>        |res<30>        |   15.821|
op2<24>        |res<31>        |   15.640|
op2<25>        |res<0>         |   16.323|
op2<25>        |res<1>         |   16.745|
op2<25>        |res<2>         |   15.976|
op2<25>        |res<3>         |   16.257|
op2<25>        |res<4>         |   15.860|
op2<25>        |res<5>         |   16.414|
op2<25>        |res<6>         |   15.592|
op2<25>        |res<7>         |   15.703|
op2<25>        |res<8>         |   16.593|
op2<25>        |res<9>         |   15.977|
op2<25>        |res<10>        |   17.267|
op2<25>        |res<11>        |   16.859|
op2<25>        |res<12>        |   17.113|
op2<25>        |res<13>        |   17.047|
op2<25>        |res<14>        |   16.180|
op2<25>        |res<15>        |   16.588|
op2<25>        |res<16>        |   16.089|
op2<25>        |res<17>        |   15.566|
op2<25>        |res<18>        |   16.056|
op2<25>        |res<19>        |   15.802|
op2<25>        |res<20>        |   15.795|
op2<25>        |res<21>        |   15.520|
op2<25>        |res<22>        |   15.295|
op2<25>        |res<23>        |   14.856|
op2<25>        |res<24>        |   14.904|
op2<25>        |res<25>        |   15.975|
op2<25>        |res<26>        |   16.363|
op2<25>        |res<27>        |   15.432|
op2<25>        |res<28>        |   15.807|
op2<25>        |res<29>        |   15.811|
op2<25>        |res<30>        |   16.285|
op2<25>        |res<31>        |   16.095|
op2<26>        |res<0>         |   16.378|
op2<26>        |res<1>         |   16.800|
op2<26>        |res<2>         |   16.031|
op2<26>        |res<3>         |   16.312|
op2<26>        |res<4>         |   15.915|
op2<26>        |res<5>         |   16.469|
op2<26>        |res<6>         |   15.647|
op2<26>        |res<7>         |   15.758|
op2<26>        |res<8>         |   16.648|
op2<26>        |res<9>         |   16.032|
op2<26>        |res<10>        |   17.322|
op2<26>        |res<11>        |   16.914|
op2<26>        |res<12>        |   17.168|
op2<26>        |res<13>        |   17.102|
op2<26>        |res<14>        |   16.235|
op2<26>        |res<15>        |   16.643|
op2<26>        |res<16>        |   16.144|
op2<26>        |res<17>        |   15.621|
op2<26>        |res<18>        |   16.111|
op2<26>        |res<19>        |   15.857|
op2<26>        |res<20>        |   15.850|
op2<26>        |res<21>        |   15.575|
op2<26>        |res<22>        |   15.350|
op2<26>        |res<23>        |   14.911|
op2<26>        |res<24>        |   14.959|
op2<26>        |res<25>        |   16.030|
op2<26>        |res<26>        |   16.418|
op2<26>        |res<27>        |   15.487|
op2<26>        |res<28>        |   15.862|
op2<26>        |res<29>        |   15.866|
op2<26>        |res<30>        |   16.340|
op2<26>        |res<31>        |   16.150|
op2<27>        |res<0>         |   15.945|
op2<27>        |res<1>         |   16.367|
op2<27>        |res<2>         |   15.585|
op2<27>        |res<3>         |   15.866|
op2<27>        |res<4>         |   15.469|
op2<27>        |res<5>         |   16.023|
op2<27>        |res<6>         |   15.214|
op2<27>        |res<7>         |   15.312|
op2<27>        |res<8>         |   16.202|
op2<27>        |res<9>         |   15.599|
op2<27>        |res<10>        |   16.876|
op2<27>        |res<11>        |   16.481|
op2<27>        |res<12>        |   16.735|
op2<27>        |res<13>        |   16.669|
op2<27>        |res<14>        |   15.789|
op2<27>        |res<15>        |   16.210|
op2<27>        |res<16>        |   15.711|
op2<27>        |res<17>        |   15.185|
op2<27>        |res<18>        |   15.665|
op2<27>        |res<19>        |   15.424|
op2<27>        |res<20>        |   15.404|
op2<27>        |res<21>        |   15.142|
op2<27>        |res<22>        |   14.904|
op2<27>        |res<23>        |   14.465|
op2<27>        |res<24>        |   14.526|
op2<27>        |res<25>        |   15.597|
op2<27>        |res<26>        |   15.985|
op2<27>        |res<27>        |   15.054|
op2<27>        |res<28>        |   15.429|
op2<27>        |res<29>        |   15.433|
op2<27>        |res<30>        |   15.894|
op2<27>        |res<31>        |   15.717|
op2<28>        |res<0>         |   15.503|
op2<28>        |res<1>         |   15.925|
op2<28>        |res<2>         |   15.156|
op2<28>        |res<3>         |   15.437|
op2<28>        |res<4>         |   15.040|
op2<28>        |res<5>         |   15.594|
op2<28>        |res<6>         |   14.772|
op2<28>        |res<7>         |   14.883|
op2<28>        |res<8>         |   15.773|
op2<28>        |res<9>         |   15.157|
op2<28>        |res<10>        |   16.447|
op2<28>        |res<11>        |   16.039|
op2<28>        |res<12>        |   16.293|
op2<28>        |res<13>        |   16.227|
op2<28>        |res<14>        |   15.360|
op2<28>        |res<15>        |   15.768|
op2<28>        |res<16>        |   15.269|
op2<28>        |res<17>        |   14.746|
op2<28>        |res<18>        |   15.236|
op2<28>        |res<19>        |   14.982|
op2<28>        |res<20>        |   14.975|
op2<28>        |res<21>        |   14.700|
op2<28>        |res<22>        |   14.475|
op2<28>        |res<23>        |   14.036|
op2<28>        |res<24>        |   14.084|
op2<28>        |res<25>        |   15.155|
op2<28>        |res<26>        |   15.543|
op2<28>        |res<27>        |   14.612|
op2<28>        |res<28>        |   14.987|
op2<28>        |res<29>        |   14.991|
op2<28>        |res<30>        |   15.465|
op2<28>        |res<31>        |   15.275|
op2<29>        |res<0>         |   16.419|
op2<29>        |res<1>         |   16.841|
op2<29>        |res<2>         |   16.072|
op2<29>        |res<3>         |   16.353|
op2<29>        |res<4>         |   15.956|
op2<29>        |res<5>         |   16.510|
op2<29>        |res<6>         |   15.688|
op2<29>        |res<7>         |   15.799|
op2<29>        |res<8>         |   16.689|
op2<29>        |res<9>         |   16.073|
op2<29>        |res<10>        |   17.363|
op2<29>        |res<11>        |   16.955|
op2<29>        |res<12>        |   17.209|
op2<29>        |res<13>        |   17.143|
op2<29>        |res<14>        |   16.276|
op2<29>        |res<15>        |   16.684|
op2<29>        |res<16>        |   16.185|
op2<29>        |res<17>        |   15.662|
op2<29>        |res<18>        |   16.152|
op2<29>        |res<19>        |   15.898|
op2<29>        |res<20>        |   15.891|
op2<29>        |res<21>        |   15.616|
op2<29>        |res<22>        |   15.391|
op2<29>        |res<23>        |   14.952|
op2<29>        |res<24>        |   15.000|
op2<29>        |res<25>        |   16.071|
op2<29>        |res<26>        |   16.459|
op2<29>        |res<27>        |   15.528|
op2<29>        |res<28>        |   15.903|
op2<29>        |res<29>        |   15.907|
op2<29>        |res<30>        |   16.381|
op2<29>        |res<31>        |   16.191|
op2<30>        |res<0>         |   15.052|
op2<30>        |res<1>         |   15.474|
op2<30>        |res<2>         |   14.705|
op2<30>        |res<3>         |   14.986|
op2<30>        |res<4>         |   14.589|
op2<30>        |res<5>         |   15.143|
op2<30>        |res<6>         |   14.321|
op2<30>        |res<7>         |   14.432|
op2<30>        |res<8>         |   15.322|
op2<30>        |res<9>         |   14.706|
op2<30>        |res<10>        |   15.996|
op2<30>        |res<11>        |   15.588|
op2<30>        |res<12>        |   15.842|
op2<30>        |res<13>        |   15.776|
op2<30>        |res<14>        |   14.909|
op2<30>        |res<15>        |   15.317|
op2<30>        |res<16>        |   14.818|
op2<30>        |res<17>        |   14.295|
op2<30>        |res<18>        |   14.785|
op2<30>        |res<19>        |   14.531|
op2<30>        |res<20>        |   14.524|
op2<30>        |res<21>        |   14.249|
op2<30>        |res<22>        |   14.024|
op2<30>        |res<23>        |   13.585|
op2<30>        |res<24>        |   13.633|
op2<30>        |res<25>        |   14.704|
op2<30>        |res<26>        |   15.092|
op2<30>        |res<27>        |   14.161|
op2<30>        |res<28>        |   14.536|
op2<30>        |res<29>        |   14.540|
op2<30>        |res<30>        |   15.014|
op2<30>        |res<31>        |   14.824|
op2<31>        |res<0>         |   18.286|
op2<31>        |res<1>         |   18.708|
op2<31>        |res<2>         |   17.926|
op2<31>        |res<3>         |   18.207|
op2<31>        |res<4>         |   17.810|
op2<31>        |res<5>         |   18.364|
op2<31>        |res<6>         |   17.555|
op2<31>        |res<7>         |   17.653|
op2<31>        |res<8>         |   18.543|
op2<31>        |res<9>         |   17.940|
op2<31>        |res<10>        |   19.217|
op2<31>        |res<11>        |   18.822|
op2<31>        |res<12>        |   19.076|
op2<31>        |res<13>        |   19.010|
op2<31>        |res<14>        |   18.130|
op2<31>        |res<15>        |   18.551|
op2<31>        |res<16>        |   18.052|
op2<31>        |res<17>        |   17.526|
op2<31>        |res<18>        |   18.006|
op2<31>        |res<19>        |   17.765|
op2<31>        |res<20>        |   17.745|
op2<31>        |res<21>        |   17.483|
op2<31>        |res<22>        |   17.245|
op2<31>        |res<23>        |   16.806|
op2<31>        |res<24>        |   16.867|
op2<31>        |res<25>        |   17.938|
op2<31>        |res<26>        |   18.326|
op2<31>        |res<27>        |   17.395|
op2<31>        |res<28>        |   17.770|
op2<31>        |res<29>        |   17.774|
op2<31>        |res<30>        |   18.235|
op2<31>        |res<31>        |   18.058|
sel<0>         |res<0>         |   14.820|
sel<0>         |res<1>         |   15.176|
sel<0>         |res<2>         |   15.362|
sel<0>         |res<3>         |   15.884|
sel<0>         |res<4>         |   15.398|
sel<0>         |res<5>         |   15.431|
sel<0>         |res<6>         |   15.285|
sel<0>         |res<7>         |   15.626|
sel<0>         |res<8>         |   16.205|
sel<0>         |res<9>         |   15.311|
sel<0>         |res<10>        |   16.956|
sel<0>         |res<11>        |   16.280|
sel<0>         |res<12>        |   16.828|
sel<0>         |res<13>        |   16.219|
sel<0>         |res<14>        |   15.780|
sel<0>         |res<15>        |   16.409|
sel<0>         |res<16>        |   16.971|
sel<0>         |res<17>        |   16.264|
sel<0>         |res<18>        |   16.279|
sel<0>         |res<19>        |   16.377|
sel<0>         |res<20>        |   16.374|
sel<0>         |res<21>        |   16.427|
sel<0>         |res<22>        |   16.269|
sel<0>         |res<23>        |   15.862|
sel<0>         |res<24>        |   16.721|
sel<0>         |res<25>        |   16.837|
sel<0>         |res<26>        |   17.480|
sel<0>         |res<27>        |   16.468|
sel<0>         |res<28>        |   16.703|
sel<0>         |res<29>        |   16.732|
sel<0>         |res<30>        |   17.442|
sel<0>         |res<31>        |   17.893|
sel<1>         |res<0>         |   15.247|
sel<1>         |res<1>         |   15.557|
sel<1>         |res<2>         |   15.743|
sel<1>         |res<3>         |   16.265|
sel<1>         |res<4>         |   15.779|
sel<1>         |res<5>         |   15.812|
sel<1>         |res<6>         |   15.666|
sel<1>         |res<7>         |   16.007|
sel<1>         |res<8>         |   16.586|
sel<1>         |res<9>         |   15.692|
sel<1>         |res<10>        |   17.337|
sel<1>         |res<11>        |   16.661|
sel<1>         |res<12>        |   17.209|
sel<1>         |res<13>        |   16.600|
sel<1>         |res<14>        |   16.161|
sel<1>         |res<15>        |   16.790|
sel<1>         |res<16>        |   17.352|
sel<1>         |res<17>        |   16.645|
sel<1>         |res<18>        |   16.660|
sel<1>         |res<19>        |   16.758|
sel<1>         |res<20>        |   16.755|
sel<1>         |res<21>        |   16.808|
sel<1>         |res<22>        |   16.650|
sel<1>         |res<23>        |   16.243|
sel<1>         |res<24>        |   17.102|
sel<1>         |res<25>        |   17.218|
sel<1>         |res<26>        |   17.861|
sel<1>         |res<27>        |   16.849|
sel<1>         |res<28>        |   17.084|
sel<1>         |res<29>        |   17.113|
sel<1>         |res<30>        |   17.823|
sel<1>         |res<31>        |   18.274|
sel<2>         |res<0>         |   15.280|
sel<2>         |res<1>         |   15.636|
sel<2>         |res<2>         |   15.822|
sel<2>         |res<3>         |   16.344|
sel<2>         |res<4>         |   15.858|
sel<2>         |res<5>         |   15.891|
sel<2>         |res<6>         |   15.745|
sel<2>         |res<7>         |   16.086|
sel<2>         |res<8>         |   16.665|
sel<2>         |res<9>         |   15.771|
sel<2>         |res<10>        |   17.416|
sel<2>         |res<11>        |   16.740|
sel<2>         |res<12>        |   17.288|
sel<2>         |res<13>        |   16.679|
sel<2>         |res<14>        |   16.240|
sel<2>         |res<15>        |   16.869|
sel<2>         |res<16>        |   17.431|
sel<2>         |res<17>        |   16.724|
sel<2>         |res<18>        |   16.739|
sel<2>         |res<19>        |   16.837|
sel<2>         |res<20>        |   16.834|
sel<2>         |res<21>        |   16.887|
sel<2>         |res<22>        |   16.729|
sel<2>         |res<23>        |   16.322|
sel<2>         |res<24>        |   17.181|
sel<2>         |res<25>        |   17.297|
sel<2>         |res<26>        |   17.940|
sel<2>         |res<27>        |   16.928|
sel<2>         |res<28>        |   17.163|
sel<2>         |res<29>        |   17.192|
sel<2>         |res<30>        |   17.902|
sel<2>         |res<31>        |   18.353|
---------------+---------------+---------+


Analysis completed Mon Nov 19 20:52:55 2018 
--------------------------------------------------------------------------------

Trace Settings:
-------------------------
Trace Settings 

Peak Memory Usage: 4495 MB



