Command line:
   tb_isim_beh.exe
     -simmode  gui
     -simrunnum  0
     -socket  65432

Mon Mar 19 22:30:28 2018


 Elaboration Time: 0.03125 sec

 Current Memory Usage: 877.15 Meg

 Total Signals          : 92
 Total Nets             : 515
 Total Signal Drivers   : 63
 Total Blocks           : 7
 Total Primitive Blocks : 4
 Total Processes        : 37
 Total Traceable Variables  : 14
 Total Scalar Nets and Variables : 999
Total Line Count : 191
Total Line Count : 191

 Total Simulation Time: 5.875 sec

 Current Memory Usage: 719.864 Meg

Mon Mar 19 22:31:34 2018

