Release 14.1 Map P.15xf (nt64)
Xilinx Mapping Report File for Design 'mult_ieee754'

Design Information
------------------
Command Line   : map -intstyle ise -p xc3s1000-ft256-5 -cm area -ir off -pr off
-c 100 -o mult_ieee754_map.ncd mult_ieee754.ngd mult_ieee754.pcf 
Target Device  : xc3s1000
Target Package : ft256
Target Speed   : -5
Mapper Version : spartan3 -- $Revision: 1.55 $
Mapped Date    : Tue Jan 16 13:28:25 2018

Design Summary
--------------
Number of errors:      0
Number of warnings:    2
Logic Utilization:
  Total Number Slice Registers:         263 out of  15,360    1%
    Number used as Flip Flops:          122
    Number used as Latches:             141
  Number of 4 input LUTs:               304 out of  15,360    1%
Logic Distribution:
  Number of occupied Slices:            197 out of   7,680    2%
    Number of Slices containing only related logic:     197 out of     197 100%
    Number of Slices containing unrelated logic:          0 out of     197   0%
      *See NOTES below for an explanation of the effects of unrelated logic.
  Total Number of 4 input LUTs:         304 out of  15,360    1%
  Number of bonded IOBs:                100 out of     173   57%
    IOB Flip Flops:                       1
  Number of BUFGMUXs:                     3 out of       8   37%

Average Fanout of Non-Clock Nets:                3.00

Peak Memory Usage:  236 MB
Total REAL time to MAP completion:  3 secs 
Total CPU time to MAP completion:   1 secs 

NOTES:

   Related logic is defined as being logic that shares connectivity - e.g. two
   LUTs are "related" if they share common inputs.  When assembling slices,
   Map gives priority to combine logic that is related.  Doing so results in
   the best timing performance.

   Unrelated logic shares no connectivity.  Map will only begin packing
   unrelated logic into a slice once 99% of the slices are occupied through
   related logic packing.

   Note that once logic distribution reaches the 99% level through related
   logic packing, this does not mean the device is completely utilized.
   Unrelated logic packing will then begin, continuing until all usable LUTs
   and FFs are occupied.  Depending on your timing budget, increased levels of
   unrelated logic packing may adversely affect the overall timing performance
   of your design.

Table of Contents
-----------------
Section 1 - Errors
Section 2 - Warnings
Section 3 - Informational
Section 4 - Removed Logic Summary
Section 5 - Removed Logic
Section 6 - IOB Properties
Section 7 - RPMs
Section 8 - Guide Report
Section 9 - Area Group and Partition Summary
Section 10 - Timing Report
Section 11 - Configuration String Information
Section 12 - Control Set Information
Section 13 - Utilization by Hierarchy

Section 1 - Errors
------------------

Section 2 - Warnings
--------------------
WARNING:Security:43 - No license file was found in the standard Xilinx license
directory.
WARNING:Security:44 - Since no license file was found,
WARNING:Security:42 - Your software subscription period has lapsed. Your current
version of Xilinx tools will continue to function, but you no longer qualify for
Xilinx software updates or new releases.
WARNING:PhysDesignRules:372 - Gated clock. Clock net
   i_cd/i_multi_it/next_state_not0001 is sourced by a combinatorial pin. This is
   not good design practice. Use the CE pin to control the loading of data into
   the flip-flop.
WARNING:PhysDesignRules:372 - Gated clock. Clock net i_uc/next_state_not0001 is
   sourced by a combinatorial pin. This is not good design practice. Use the CE
   pin to control the loading of data into the flip-flop.

Section 3 - Informational
-------------------------
INFO:Security:50 - The XILINXD_LICENSE_FILE environment variable is set to
'C:\software\electronica\xilinx\14.1\ISE_DS\common\licenses\xilinx.lic'.
INFO:Security:52 - The LM_LICENSE_FILE environment variable is set to
'1717@fdilicencias1;2100@fdilicencias1'.
INFO:Security:54 - 'xc3s1000' is a WebPack part.
INFO:MapLib:562 - No environment variables are currently set.
INFO:LIT:244 - All of the single ended outputs in this design are using slew
   rate limited output drivers. The delay on speed critical single ended outputs
   can be dramatically reduced by designating them as fast outputs.

Section 4 - Removed Logic Summary
---------------------------------
   2 block(s) optimized away

Section 5 - Removed Logic
-------------------------

Optimized Block(s):
TYPE 		BLOCK
GND 		XST_GND
VCC 		XST_VCC

To enable printing of redundant blocks removed and signals merged, set the
detailed map report option and rerun map.

Section 6 - IOB Properties
--------------------------

+---------------------------------------------------------------------------------------------------------------------------------------------------------+
| IOB Name                           | Type             | Direction | IO Standard          | Diff  | Drive    | Slew | Reg (s)      | Resistor | IOB      |
|                                    |                  |           |                      | Term  | Strength | Rate |              |          | Delay    |
+---------------------------------------------------------------------------------------------------------------------------------------------------------+
| clk                                | IOB              | INPUT     | LVCMOS25             |       |          |      |              |          |          |
| fin                                | IOB              | OUTPUT    | LVCMOS25             |       | 12       | SLOW | OFF1         |          |          |
| ini                                | IOB              | INPUT     | LVCMOS25             |       |          |      |              |          |          |
| op1<0>                             | IOB              | INPUT     | LVCMOS25             |       |          |      |              |          |          |
| op1<1>                             | IOB              | INPUT     | LVCMOS25             |       |          |      |              |          |          |
| op1<2>                             | IOB              | INPUT     | LVCMOS25             |       |          |      |              |          |          |
| op1<3>                             | IOB              | INPUT     | LVCMOS25             |       |          |      |              |          |          |
| op1<4>                             | IOB              | INPUT     | LVCMOS25             |       |          |      |              |          |          |
| op1<5>                             | IOB              | INPUT     | LVCMOS25             |       |          |      |              |          |          |
| op1<6>                             | IOB              | INPUT     | LVCMOS25             |       |          |      |              |          |          |
| op1<7>                             | IOB              | INPUT     | LVCMOS25             |       |          |      |              |          |          |
| op1<8>                             | IOB              | INPUT     | LVCMOS25             |       |          |      |              |          |          |
| op1<9>                             | IOB              | INPUT     | LVCMOS25             |       |          |      |              |          |          |
| op1<10>                            | IOB              | INPUT     | LVCMOS25             |       |          |      |              |          |          |
| op1<11>                            | IOB              | INPUT     | LVCMOS25             |       |          |      |              |          |          |
| op1<12>                            | IOB              | INPUT     | LVCMOS25             |       |          |      |              |          |          |
| op1<13>                            | IOB              | INPUT     | LVCMOS25             |       |          |      |              |          |          |
| op1<14>                            | IOB              | INPUT     | LVCMOS25             |       |          |      |              |          |          |
| op1<15>                            | IOB              | INPUT     | LVCMOS25             |       |          |      |              |          |          |
| op1<16>                            | IOB              | INPUT     | LVCMOS25             |       |          |      |              |          |          |
| op1<17>                            | IOB              | INPUT     | LVCMOS25             |       |          |      |              |          |          |
| op1<18>                            | IOB              | INPUT     | LVCMOS25             |       |          |      |              |          |          |
| op1<19>                            | IOB              | INPUT     | LVCMOS25             |       |          |      |              |          |          |
| op1<20>                            | IOB              | INPUT     | LVCMOS25             |       |          |      |              |          |          |
| op1<21>                            | IOB              | INPUT     | LVCMOS25             |       |          |      |              |          |          |
| op1<22>                            | IOB              | INPUT     | LVCMOS25             |       |          |      |              |          |          |
| op1<23>                            | IOB              | INPUT     | LVCMOS25             |       |          |      |              |          |          |
| op1<24>                            | IOB              | INPUT     | LVCMOS25             |       |          |      |              |          |          |
| op1<25>                            | IOB              | INPUT     | LVCMOS25             |       |          |      |              |          |          |
| op1<26>                            | IOB              | INPUT     | LVCMOS25             |       |          |      |              |          |          |
| op1<27>                            | IOB              | INPUT     | LVCMOS25             |       |          |      |              |          |          |
| op1<28>                            | IOB              | INPUT     | LVCMOS25             |       |          |      |              |          |          |
| op1<29>                            | IOB              | INPUT     | LVCMOS25             |       |          |      |              |          |          |
| op1<30>                            | IOB              | INPUT     | LVCMOS25             |       |          |      |              |          |          |
| op1<31>                            | IOB              | INPUT     | LVCMOS25             |       |          |      |              |          |          |
| op2<0>                             | IOB              | INPUT     | LVCMOS25             |       |          |      |              |          |          |
| op2<1>                             | IOB              | INPUT     | LVCMOS25             |       |          |      |              |          |          |
| op2<2>                             | IOB              | INPUT     | LVCMOS25             |       |          |      |              |          |          |
| op2<3>                             | IOB              | INPUT     | LVCMOS25             |       |          |      |              |          |          |
| op2<4>                             | IOB              | INPUT     | LVCMOS25             |       |          |      |              |          |          |
| op2<5>                             | IOB              | INPUT     | LVCMOS25             |       |          |      |              |          |          |
| op2<6>                             | IOB              | INPUT     | LVCMOS25             |       |          |      |              |          |          |
| op2<7>                             | IOB              | INPUT     | LVCMOS25             |       |          |      |              |          |          |
| op2<8>                             | IOB              | INPUT     | LVCMOS25             |       |          |      |              |          |          |
| op2<9>                             | IOB              | INPUT     | LVCMOS25             |       |          |      |              |          |          |
| op2<10>                            | IOB              | INPUT     | LVCMOS25             |       |          |      |              |          |          |
| op2<11>                            | IOB              | INPUT     | LVCMOS25             |       |          |      |              |          |          |
| op2<12>                            | IOB              | INPUT     | LVCMOS25             |       |          |      |              |          |          |
| op2<13>                            | IOB              | INPUT     | LVCMOS25             |       |          |      |              |          |          |
| op2<14>                            | IOB              | INPUT     | LVCMOS25             |       |          |      |              |          |          |
| op2<15>                            | IOB              | INPUT     | LVCMOS25             |       |          |      |              |          |          |
| op2<16>                            | IOB              | INPUT     | LVCMOS25             |       |          |      |              |          |          |
| op2<17>                            | IOB              | INPUT     | LVCMOS25             |       |          |      |              |          |          |
| op2<18>                            | IOB              | INPUT     | LVCMOS25             |       |          |      |              |          |          |
| op2<19>                            | IOB              | INPUT     | LVCMOS25             |       |          |      |              |          |          |
| op2<20>                            | IOB              | INPUT     | LVCMOS25             |       |          |      |              |          |          |
| op2<21>                            | IOB              | INPUT     | LVCMOS25             |       |          |      |              |          |          |
| op2<22>                            | IOB              | INPUT     | LVCMOS25             |       |          |      |              |          |          |
| op2<23>                            | IOB              | INPUT     | LVCMOS25             |       |          |      |              |          |          |
| op2<24>                            | IOB              | INPUT     | LVCMOS25             |       |          |      |              |          |          |
| op2<25>                            | IOB              | INPUT     | LVCMOS25             |       |          |      |              |          |          |
| op2<26>                            | IOB              | INPUT     | LVCMOS25             |       |          |      |              |          |          |
| op2<27>                            | IOB              | INPUT     | LVCMOS25             |       |          |      |              |          |          |
| op2<28>                            | IOB              | INPUT     | LVCMOS25             |       |          |      |              |          |          |
| op2<29>                            | IOB              | INPUT     | LVCMOS25             |       |          |      |              |          |          |
| op2<30>                            | IOB              | INPUT     | LVCMOS25             |       |          |      |              |          |          |
| op2<31>                            | IOB              | INPUT     | LVCMOS25             |       |          |      |              |          |          |
| res<0>                             | IOB              | OUTPUT    | LVCMOS25             |       | 12       | SLOW |              |          |          |
| res<1>                             | IOB              | OUTPUT    | LVCMOS25             |       | 12       | SLOW |              |          |          |
| res<2>                             | IOB              | OUTPUT    | LVCMOS25             |       | 12       | SLOW |              |          |          |
| res<3>                             | IOB              | OUTPUT    | LVCMOS25             |       | 12       | SLOW |              |          |          |
| res<4>                             | IOB              | OUTPUT    | LVCMOS25             |       | 12       | SLOW |              |          |          |
| res<5>                             | IOB              | OUTPUT    | LVCMOS25             |       | 12       | SLOW |              |          |          |
| res<6>                             | IOB              | OUTPUT    | LVCMOS25             |       | 12       | SLOW |              |          |          |
| res<7>                             | IOB              | OUTPUT    | LVCMOS25             |       | 12       | SLOW |              |          |          |
| res<8>                             | IOB              | OUTPUT    | LVCMOS25             |       | 12       | SLOW |              |          |          |
| res<9>                             | IOB              | OUTPUT    | LVCMOS25             |       | 12       | SLOW |              |          |          |
| res<10>                            | IOB              | OUTPUT    | LVCMOS25             |       | 12       | SLOW |              |          |          |
| res<11>                            | IOB              | OUTPUT    | LVCMOS25             |       | 12       | SLOW |              |          |          |
| res<12>                            | IOB              | OUTPUT    | LVCMOS25             |       | 12       | SLOW |              |          |          |
| res<13>                            | IOB              | OUTPUT    | LVCMOS25             |       | 12       | SLOW |              |          |          |
| res<14>                            | IOB              | OUTPUT    | LVCMOS25             |       | 12       | SLOW |              |          |          |
| res<15>                            | IOB              | OUTPUT    | LVCMOS25             |       | 12       | SLOW |              |          |          |
| res<16>                            | IOB              | OUTPUT    | LVCMOS25             |       | 12       | SLOW |              |          |          |
| res<17>                            | IOB              | OUTPUT    | LVCMOS25             |       | 12       | SLOW |              |          |          |
| res<18>                            | IOB              | OUTPUT    | LVCMOS25             |       | 12       | SLOW |              |          |          |
| res<19>                            | IOB              | OUTPUT    | LVCMOS25             |       | 12       | SLOW |              |          |          |
| res<20>                            | IOB              | OUTPUT    | LVCMOS25             |       | 12       | SLOW |              |          |          |
| res<21>                            | IOB              | OUTPUT    | LVCMOS25             |       | 12       | SLOW |              |          |          |
| res<22>                            | IOB              | OUTPUT    | LVCMOS25             |       | 12       | SLOW |              |          |          |
| res<23>                            | IOB              | OUTPUT    | LVCMOS25             |       | 12       | SLOW |              |          |          |
| res<24>                            | IOB              | OUTPUT    | LVCMOS25             |       | 12       | SLOW |              |          |          |
| res<25>                            | IOB              | OUTPUT    | LVCMOS25             |       | 12       | SLOW |              |          |          |
| res<26>                            | IOB              | OUTPUT    | LVCMOS25             |       | 12       | SLOW |              |          |          |
| res<27>                            | IOB              | OUTPUT    | LVCMOS25             |       | 12       | SLOW |              |          |          |
| res<28>                            | IOB              | OUTPUT    | LVCMOS25             |       | 12       | SLOW |              |          |          |
| res<29>                            | IOB              | OUTPUT    | LVCMOS25             |       | 12       | SLOW |              |          |          |
| res<30>                            | IOB              | OUTPUT    | LVCMOS25             |       | 12       | SLOW |              |          |          |
| res<31>                            | IOB              | OUTPUT    | LVCMOS25             |       | 12       | SLOW |              |          |          |
| rst                                | IOB              | INPUT     | LVCMOS25             |       |          |      |              |          |          |
+---------------------------------------------------------------------------------------------------------------------------------------------------------+

Section 7 - RPMs
----------------

Section 8 - Guide Report
------------------------
Guide not run on this design.

Section 9 - Area Group and Partition Summary
--------------------------------------------

Partition Implementation Status
-------------------------------

  No Partitions were found in this design.

-------------------------------

Area Group Information
----------------------

  No area groups were found in this design.

----------------------

Section 10 - Timing Report
--------------------------
This design was not run using timing mode.

Section 11 - Configuration String Details
-----------------------------------------
Use the "-detail" map option to print out Configuration Strings

Section 12 - Control Set Information
------------------------------------
No control set information for this architecture.

Section 13 - Utilization by Hierarchy
-------------------------------------
Use the "-detail" map option to print out the Utilization by Hierarchy section.
