Release 14.7 - xst P.20131013 (nt64)
Copyright (c) 1995-2013 Xilinx, Inc.  All rights reserved.
--> Parameter TMPDIR set to xst/projnav.tmp


Total REAL time to Xst completion: 0.00 secs
Total CPU time to Xst completion: 0.20 secs
 
--> Parameter xsthdpdir set to xst


Total REAL time to Xst completion: 0.00 secs
Total CPU time to Xst completion: 0.21 secs
 
--> Reading design: uc.prj

TABLE OF CONTENTS
  1) Synthesis Options Summary
  2) HDL Compilation
  3) Design Hierarchy Analysis
  4) HDL Analysis
  5) HDL Synthesis
     5.1) HDL Synthesis Report
  6) Advanced HDL Synthesis
     6.1) Advanced HDL Synthesis Report
  7) Low Level Synthesis
  8) Partition Report
  9) Final Report
	9.1) Device utilization summary
	9.2) Partition Resource Summary
	9.3) TIMING REPORT


=========================================================================
*                      Synthesis Options Summary                        *
=========================================================================
---- Source Parameters
Input File Name                    : "uc.prj"
Input Format                       : mixed
Ignore Synthesis Constraint File   : NO

---- Target Parameters
Output File Name                   : "uc"
Output Format                      : NGC
Target Device                      : xc3s1000-5-ft256

---- Source Options
Top Module Name                    : uc
Automatic FSM Extraction           : YES
FSM Encoding Algorithm             : Auto
Safe Implementation                : No
FSM Style                          : LUT
RAM Extraction                     : Yes
RAM Style                          : Auto
ROM Extraction                     : Yes
Mux Style                          : Auto
Decoder Extraction                 : YES
Priority Encoder Extraction        : Yes
Shift Register Extraction          : YES
Logical Shifter Extraction         : YES
XOR Collapsing                     : YES
ROM Style                          : Auto
Mux Extraction                     : Yes
Resource Sharing                   : YES
Asynchronous To Synchronous        : NO
Multiplier Style                   : Auto
Automatic Register Balancing       : No

---- Target Options
Add IO Buffers                     : YES
Global Maximum Fanout              : 100000
Add Generic Clock Buffer(BUFG)     : 8
Register Duplication               : YES
Slice Packing                      : YES
Optimize Instantiated Primitives   : NO
Use Clock Enable                   : Yes
Use Synchronous Set                : Yes
Use Synchronous Reset              : Yes
Pack IO Registers into IOBs        : Auto
Equivalent register Removal        : YES

---- General Options
Optimization Goal                  : Speed
Optimization Effort                : 1
Keep Hierarchy                     : No
Netlist Hierarchy                  : As_Optimized
RTL Output                         : Yes
Global Optimization                : AllClockNets
Read Cores                         : YES
Write Timing Constraints           : NO
Cross Clock Analysis               : NO
Hierarchy Separator                : /
Bus Delimiter                      : <>
Case Specifier                     : Maintain
Slice Utilization Ratio            : 100
BRAM Utilization Ratio             : 100
Verilog 2001                       : YES
Auto BRAM Packing                  : NO
Slice Utilization Ratio Delta      : 5

=========================================================================


=========================================================================
*                          HDL Compilation                              *
=========================================================================
Compiling vhdl file "C:/Users/BorjaAday/Desktop/iselocal/vhd/uc.vhd" in Library work.
Entity <uc> compiled.
Entity <uc> (Architecture <behavioral>) compiled.

=========================================================================
*                     Design Hierarchy Analysis                         *
=========================================================================
Analyzing hierarchy for entity <uc> in library <work> (architecture <behavioral>).


=========================================================================
*                            HDL Analysis                               *
=========================================================================
Analyzing Entity <uc> in library <work> (Architecture <behavioral>).
Entity <uc> analyzed. Unit <uc> generated.


=========================================================================
*                           HDL Synthesis                               *
=========================================================================

Performing bidirectional port resolution...

Synthesizing Unit <uc>.
    Related source file is "C:/Users/BorjaAday/Desktop/iselocal/vhd/uc.vhd".
    Found finite state machine <FSM_0> for signal <current_state>.
    -----------------------------------------------------------------------
    | States             | 12                                             |
    | Transitions        | 25                                             |
    | Inputs             | 8                                              |
    | Outputs            | 14                                             |
    | Clock              | clk                       (rising_edge)        |
    | Reset              | rst                       (positive)           |
    | Reset type         | asynchronous                                   |
    | Reset State        | s0                                             |
    | Power Up State     | s0                                             |
    | Encoding           | automatic                                      |
    | Implementation     | LUT                                            |
    -----------------------------------------------------------------------
    Found 1-bit register for signal <cambio_st>.
    Summary:
	inferred   1 Finite State Machine(s).
	inferred   1 D-type flip-flop(s).
Unit <uc> synthesized.


=========================================================================
HDL Synthesis Report

Found no macro
=========================================================================

=========================================================================
*                       Advanced HDL Synthesis                          *
=========================================================================

Analyzing FSM <FSM_0> for best encoding.
Optimizing FSM <current_state/FSM> on signal <current_state[1:12]> with one-hot encoding.
-----------------------
 State | Encoding
-----------------------
 s0    | 000000000001
 s1    | 000001000000
 s2    | 000010000000
 s3    | 000100000000
 s4    | 001000000000
 s5    | 010000000000
 s6    | 100000000000
 s7    | 000000000010
 s8    | 000000000100
 s9    | 000000001000
 s10   | 000000010000
 s11   | 000000100000
-----------------------

=========================================================================
Advanced HDL Synthesis Report

Macro Statistics
# FSMs                                                 : 1

=========================================================================

=========================================================================
*                         Low Level Synthesis                           *
=========================================================================

Optimizing unit <uc> ...

Mapping all equations...
Building and optimizing final netlist ...
Found area constraint ratio of 100 (+ 5) on block uc, actual ratio is 0.

Final Macro Processing ...

=========================================================================
Final Register Report

Macro Statistics
# Registers                                            : 12
 Flip-Flops                                            : 12

=========================================================================

=========================================================================
*                           Partition Report                            *
=========================================================================

Partition Implementation Status
-------------------------------

  No Partitions were found in this design.

-------------------------------

=========================================================================
*                            Final Report                               *
=========================================================================
Final Results
RTL Top Level Output File Name     : uc.ngr
Top Level Output File Name         : uc
Output Format                      : NGC
Optimization Goal                  : Speed
Keep Hierarchy                     : No

Design Statistics
# IOs                              : 22

Cell Usage :
# BELS                             : 23
#      LUT2                        : 8
#      LUT3                        : 5
#      LUT3_L                      : 1
#      LUT4                        : 8
#      LUT4_L                      : 1
# FlipFlops/Latches                : 12
#      FDC                         : 11
#      FDP                         : 1
# Clock Buffers                    : 1
#      BUFGP                       : 1
# IO Buffers                       : 21
#      IBUF                        : 9
#      OBUF                        : 12
=========================================================================

Device utilization summary:
---------------------------

Selected Device : 3s1000ft256-5 

 Number of Slices:                       13  out of   7680     0%  
 Number of Slice Flip Flops:             12  out of  15360     0%  
 Number of 4 input LUTs:                 23  out of  15360     0%  
 Number of IOs:                          22
 Number of bonded IOBs:                  22  out of    173    12%  
 Number of GCLKs:                         1  out of      8    12%  

---------------------------
Partition Resource Summary:
---------------------------

  No Partitions were found in this design.

---------------------------


=========================================================================
TIMING REPORT

NOTE: THESE TIMING NUMBERS ARE ONLY A SYNTHESIS ESTIMATE.
      FOR ACCURATE TIMING INFORMATION PLEASE REFER TO THE TRACE REPORT
      GENERATED AFTER PLACE-and-ROUTE.

Clock Information:
------------------
-----------------------------------+------------------------+-------+
Clock Signal                       | Clock buffer(FF name)  | Load  |
-----------------------------------+------------------------+-------+
clk                                | BUFGP                  | 12    |
-----------------------------------+------------------------+-------+

Asynchronous Control Signals Information:
----------------------------------------
-----------------------------------+------------------------+-------+
Control Signal                     | Buffer(FF name)        | Load  |
-----------------------------------+------------------------+-------+
rst                                | IBUF                   | 12    |
-----------------------------------+------------------------+-------+

Timing Summary:
---------------
Speed Grade: -5

   Minimum period: 2.961ns (Maximum Frequency: 337.741MHz)
   Minimum input arrival time before clock: 3.899ns
   Maximum output required time after clock: 8.956ns
   Maximum combinational path delay: No path found

Timing Detail:
--------------
All values displayed in nanoseconds (ns)

=========================================================================
Timing constraint: Default period analysis for Clock 'clk'
  Clock period: 2.961ns (frequency: 337.741MHz)
  Total number of paths / destination ports: 21 / 12
-------------------------------------------------------------------------
Delay:               2.961ns (Levels of Logic = 2)
  Source:            current_state_FSM_FFd8 (FF)
  Destination:       current_state_FSM_FFd12 (FF)
  Source Clock:      clk rising
  Destination Clock: clk rising

  Data Path: current_state_FSM_FFd8 to current_state_FSM_FFd12
                                Gate     Net
    Cell:in->out      fanout   Delay   Delay  Logical Name (Net Name)
    ----------------------------------------  ------------
     FDC:C->Q              5   0.626   1.078  current_state_FSM_FFd8 (current_state_FSM_FFd8)
     LUT4_L:I0->LO         1   0.479   0.123  current_state_FSM_FFd12-In_SW0 (N4)
     LUT4:I3->O            1   0.479   0.000  current_state_FSM_FFd12-In (current_state_FSM_FFd12-In)
     FDP:D                     0.176          current_state_FSM_FFd12
    ----------------------------------------
    Total                      2.961ns (1.760ns logic, 1.201ns route)
                                       (59.4% logic, 40.6% route)

=========================================================================
Timing constraint: Default OFFSET IN BEFORE for Clock 'clk'
  Total number of paths / destination ports: 24 / 11
-------------------------------------------------------------------------
Offset:              3.899ns (Levels of Logic = 3)
  Source:            status<6> (PAD)
  Destination:       current_state_FSM_FFd4 (FF)
  Destination Clock: clk rising

  Data Path: status<6> to current_state_FSM_FFd4
                                Gate     Net
    Cell:in->out      fanout   Delay   Delay  Logical Name (Net Name)
    ----------------------------------------  ------------
     IBUF:I->O             4   0.715   1.074  status_6_IBUF (status_6_IBUF)
     LUT3:I0->O            1   0.479   0.976  current_state_FSM_FFd4-In11_SW1 (N8)
     LUT4:I0->O            1   0.479   0.000  current_state_FSM_FFd4-In1 (current_state_FSM_FFd4-In)
     FDC:D                     0.176          current_state_FSM_FFd4
    ----------------------------------------
    Total                      3.899ns (1.849ns logic, 2.050ns route)
                                       (47.4% logic, 52.6% route)

=========================================================================
Timing constraint: Default OFFSET OUT AFTER for Clock 'clk'
  Total number of paths / destination ports: 26 / 12
-------------------------------------------------------------------------
Offset:              8.956ns (Levels of Logic = 3)
  Source:            current_state_FSM_FFd11 (FF)
  Destination:       ctrl<0> (PAD)
  Source Clock:      clk rising

  Data Path: current_state_FSM_FFd11 to ctrl<0>
                                Gate     Net
    Cell:in->out      fanout   Delay   Delay  Logical Name (Net Name)
    ----------------------------------------  ------------
     FDC:C->Q              5   0.626   1.078  current_state_FSM_FFd11 (current_state_FSM_FFd11)
     LUT3:I0->O            1   0.479   0.704  current_state_FSM_Out13_SW0 (N2)
     LUT4:I3->O            1   0.479   0.681  current_state_FSM_Out13 (ctrl_0_OBUF)
     OBUF:I->O                 4.909          ctrl_0_OBUF (ctrl<0>)
    ----------------------------------------
    Total                      8.956ns (6.493ns logic, 2.463ns route)
                                       (72.5% logic, 27.5% route)

=========================================================================


Total REAL time to Xst completion: 6.00 secs
Total CPU time to Xst completion: 6.22 secs
 
--> 

Total memory usage is 343584 kilobytes

Number of errors   :    0 (   0 filtered)
Number of warnings :    0 (   0 filtered)
Number of infos    :    0 (   0 filtered)

