--------------------------------------------------------------------------------
Release 14.7 Trace  (nt64)
Copyright (c) 1995-2013 Xilinx, Inc.  All rights reserved.

C:\Xilinx\14.7\ISE_DS\ISE\bin\nt64\unwrapped\trce.exe -intstyle ise -v 3 -s 5
-n 3 -fastpaths -xml uc.twx uc.ncd -o uc.twr uc.pcf

Design file:              uc.ncd
Physical constraint file: uc.pcf
Device,package,speed:     xc3s1000,ft256,-5 (PRODUCTION 1.39 2013-10-13)
Report level:             verbose report

Environment Variable      Effect 
--------------------      ------ 
NONE                      No environment variables were set
--------------------------------------------------------------------------------

INFO:Timing:2698 - No timing constraints found, doing default enumeration.
INFO:Timing:3412 - To improve timing, see the Timing Closure User Guide (UG612).
INFO:Timing:2752 - To get complete path coverage, use the unconstrained paths 
   option. All paths that are not constrained will be reported in the 
   unconstrained paths section(s) of the report.
INFO:Timing:3339 - The clock-to-out numbers in this timing report are based on 
   a 50 Ohm transmission line loading model.  For the details of this model, 
   and for more information on accounting for different loading conditions, 
   please see the device datasheet.
INFO:Timing:3390 - This architecture does not support a default System Jitter 
   value, please add SYSTEM_JITTER constraint to the UCF to modify the Clock 
   Uncertainty calculation.
INFO:Timing:3389 - This architecture does not support 'Discrete Jitter' and 
   'Phase Error' calculations, these terms will be zero in the Clock 
   Uncertainty calculation.  Please make appropriate modification to 
   SYSTEM_JITTER to account for the unsupported Discrete Jitter and Phase 
   Error.



Data Sheet report:
-----------------
All values displayed in nanoseconds (ns)

Clock clk to Pad
------------+------------+------------------+--------+
            | clk (edge) |                  | Clock  |
Destination |   to PAD   |Internal Clock(s) | Phase  |
------------+------------+------------------+--------+
ctrl<0>     |   10.756(R)|clk_BUFGP         |   0.000|
ctrl<1>     |   10.909(R)|clk_BUFGP         |   0.000|
ctrl<2>     |    8.870(R)|clk_BUFGP         |   0.000|
ctrl<3>     |    9.657(R)|clk_BUFGP         |   0.000|
ctrl<4>     |    8.952(R)|clk_BUFGP         |   0.000|
ctrl<5>     |    8.870(R)|clk_BUFGP         |   0.000|
ctrl<6>     |    8.582(R)|clk_BUFGP         |   0.000|
ctrl<7>     |    6.332(R)|clk_BUFGP         |   0.000|
ctrl<8>     |    6.339(R)|clk_BUFGP         |   0.000|
ctrl<9>     |    6.339(R)|clk_BUFGP         |   0.000|
ctrl<10>    |    6.326(R)|clk_BUFGP         |   0.000|
fin         |    6.334(R)|clk_BUFGP         |   0.000|
------------+------------+------------------+--------+


Analysis completed Wed Jan 17 00:07:04 2018 
--------------------------------------------------------------------------------

Trace Settings:
-------------------------
Trace Settings 

Peak Memory Usage: 203 MB



